This is pdfTeX, Version 3.1415926-2.5-1.40.14 (MiKTeX 2.9 64-bit) (preloaded format=pdflatex 2014.9.26)  25 OCT 2017 10:57
entering extended mode
**C:/Users/mikeg/Dropbox/swat_papers_mkg/solareigenmodes/spacephysics_elsev/ASR
_v1_resub1.tex

(C:/Users/mikeg/Dropbox/swat_papers_mkg/solareigenmodes/spacephysics_elsev/ASR_
v1_resub1.tex
LaTeX2e <2011/06/27>
Babel <v3.8m> and hyphenation patterns for english, afrikaans, ancientgreek, ar
abic, armenian, assamese, basque, bengali, bokmal, bulgarian, catalan, coptic, 
croatian, czech, danish, dutch, esperanto, estonian, farsi, finnish, french, ga
lician, german, german-x-2013-05-26, greek, gujarati, hindi, hungarian, iceland
ic, indonesian, interlingua, irish, italian, kannada, kurmanji, latin, latvian,
 lithuanian, malayalam, marathi, mongolian, mongolianlmc, monogreek, ngerman, n
german-x-2013-05-26, nynorsk, oriya, panjabi, pinyin, polish, portuguese, roman
ian, russian, sanskrit, serbian, slovak, slovenian, spanish, swedish, swissgerm
an, tamil, telugu, turkish, turkmen, ukenglish, ukrainian, uppersorbian, usengl
ishmax, welsh, loaded.

(C:\Users\mikeg\Dropbox\swat_papers_mkg\solareigenmodes\spacephysics_elsev\elsa
rticle.cls
Document Class: elsarticle 2009/09/17, 1.20b: Elsevier Ltd
\@bls=\dimen102
("C:\Program Files\MiKTeX 2.9\tex\latex\base\article.cls"
Document Class: article 2007/10/19 v1.4h Standard LaTeX document class
("C:\Program Files\MiKTeX 2.9\tex\latex\base\size12.clo"
File: size12.clo 2007/10/19 v1.4h Standard LaTeX file (size option)
)
\c@part=\count79
\c@section=\count80
\c@subsection=\count81
\c@subsubsection=\count82
\c@paragraph=\count83
\c@subparagraph=\count84
\c@figure=\count85
\c@table=\count86
\abovecaptionskip=\skip41
\belowcaptionskip=\skip42
\bibindent=\dimen103
)
("C:\Program Files\MiKTeX 2.9\tex\latex\graphics\graphicx.sty"
Package: graphicx 1999/02/16 v1.0f Enhanced LaTeX Graphics (DPC,SPQR)

("C:\Program Files\MiKTeX 2.9\tex\latex\graphics\keyval.sty"
Package: keyval 1999/03/16 v1.13 key=value parser (DPC)
\KV@toks@=\toks14
)
("C:\Program Files\MiKTeX 2.9\tex\latex\graphics\graphics.sty"
Package: graphics 2009/02/05 v1.0o Standard LaTeX Graphics (DPC,SPQR)

("C:\Program Files\MiKTeX 2.9\tex\latex\graphics\trig.sty"
Package: trig 1999/03/16 v1.09 sin cos tan (DPC)
)
("C:\Program Files\MiKTeX 2.9\tex\latex\00miktex\graphics.cfg"
File: graphics.cfg 2007/01/18 v1.5 graphics configuration of teTeX/TeXLive
)
Package graphics Info: Driver file: pdftex.def on input line 91.

("C:\Program Files\MiKTeX 2.9\tex\latex\pdftex-def\pdftex.def"
File: pdftex.def 2011/05/27 v0.06d Graphics/color for pdfTeX

("C:\Program Files\MiKTeX 2.9\tex\generic\oberdiek\infwarerr.sty"
Package: infwarerr 2010/04/08 v1.3 Providing info/warning/error messages (HO)
)
("C:\Program Files\MiKTeX 2.9\tex\generic\oberdiek\ltxcmds.sty"
Package: ltxcmds 2011/11/09 v1.22 LaTeX kernel commands for general use (HO)
)
\Gread@gobject=\count87
))
\Gin@req@height=\dimen104
\Gin@req@width=\dimen105
)
("C:\Program Files\MiKTeX 2.9\tex\latex\psnfss\pifont.sty"
Package: pifont 2005/04/12 PSNFSS-v9.2a Pi font support (SPQR) 
LaTeX Font Info:    Try loading font information for U+pzd on input line 63.

("C:\Program Files\MiKTeX 2.9\tex\latex\psnfss\upzd.fd"
File: upzd.fd 2001/06/04 font definitions for U/pzd.
)
LaTeX Font Info:    Try loading font information for U+psy on input line 64.

("C:\Program Files\MiKTeX 2.9\tex\latex\psnfss\upsy.fd"
File: upsy.fd 2001/06/04 font definitions for U/psy.
))
\c@tnote=\count88
\c@fnote=\count89
\c@cnote=\count90
\c@ead=\count91
\c@author=\count92
\@eadauthor=\toks15
\c@affn=\count93
\absbox=\box26
\keybox=\box27
\Columnwidth=\dimen106
\space@left=\dimen107
\els@boxa=\box28
\els@boxb=\box29
\leftMargin=\dimen108
\@enLab=\toks16
\@sep=\skip43
\@@sep=\skip44

(C:\Users\mikeg\Dropbox\swat_papers_mkg\solareigenmodes\spacephysics_elsev\ASR_
v1_resub1.spl) ("C:\Program Files\MiKTeX 2.9\tex\latex\natbib\natbib.sty"
Package: natbib 2010/09/13 8.31b (PWD, AO)
\bibhang=\skip45
\bibsep=\skip46
LaTeX Info: Redefining \cite on input line 694.
\c@NAT@ctr=\count94
)
\splwrite=\write3
\appnamewidth=\dimen109
)
("C:\Program Files\MiKTeX 2.9\tex\latex\graphics\epsfig.sty"
Package: epsfig 1999/02/16 v1.7a (e)psfig emulation (SPQR)
\epsfxsize=\dimen110
\epsfysize=\dimen111
)
("C:\Program Files\MiKTeX 2.9\tex\latex\amsfonts\amssymb.sty"
Package: amssymb 2013/01/14 v3.01 AMS font symbols

("C:\Program Files\MiKTeX 2.9\tex\latex\amsfonts\amsfonts.sty"
Package: amsfonts 2013/01/14 v3.01 Basic AMSFonts support
\@emptytoks=\toks17
\symAMSa=\mathgroup4
\symAMSb=\mathgroup5
LaTeX Font Info:    Overwriting math alphabet `\mathfrak' in version `bold'
(Font)                  U/euf/m/n --> U/euf/b/n on input line 106.
))
("C:\Program Files\MiKTeX 2.9\tex\latex\hyperref\hyperref.sty"
Package: hyperref 2012/11/06 v6.83m Hypertext links for LaTeX

("C:\Program Files\MiKTeX 2.9\tex\generic\oberdiek\hobsub-hyperref.sty"
Package: hobsub-hyperref 2012/04/25 v1.12 Bundle oberdiek, subset hyperref (HO)


("C:\Program Files\MiKTeX 2.9\tex\generic\oberdiek\hobsub-generic.sty"
Package: hobsub-generic 2012/04/25 v1.12 Bundle oberdiek, subset generic (HO)
Package: hobsub 2012/04/25 v1.12 Construct package bundles (HO)
Package hobsub Info: Skipping package `infwarerr' (already loaded).
Package hobsub Info: Skipping package `ltxcmds' (already loaded).
Package: ifluatex 2010/03/01 v1.3 Provides the ifluatex switch (HO)
Package ifluatex Info: LuaTeX not detected.
Package: ifvtex 2010/03/01 v1.5 Detect VTeX and its facilities (HO)
Package ifvtex Info: VTeX not detected.
Package: intcalc 2007/09/27 v1.1 Expandable calculations with integers (HO)
Package: ifpdf 2011/01/30 v2.3 Provides the ifpdf switch (HO)
Package ifpdf Info: pdfTeX in PDF mode is detected.
Package: etexcmds 2011/02/16 v1.5 Avoid name clashes with e-TeX commands (HO)
Package etexcmds Info: Could not find \expanded.
(etexcmds)             That can mean that you are not using pdfTeX 1.50 or
(etexcmds)             that some package has redefined \expanded.
(etexcmds)             In the latter case, load this package earlier.
Package: kvsetkeys 2012/04/25 v1.16 Key value parser (HO)
Package: kvdefinekeys 2011/04/07 v1.3 Define keys (HO)
Package: pdftexcmds 2011/11/29 v0.20 Utility functions of pdfTeX for LuaTeX (HO
)
Package pdftexcmds Info: LuaTeX not detected.
Package pdftexcmds Info: \pdf@primitive is available.
Package pdftexcmds Info: \pdf@ifprimitive is available.
Package pdftexcmds Info: \pdfdraftmode found.
Package: pdfescape 2011/11/25 v1.13 Implements pdfTeX's escape features (HO)
Package: bigintcalc 2012/04/08 v1.3 Expandable calculations on big integers (HO
)
Package: bitset 2011/01/30 v1.1 Handle bit-vector datatype (HO)
Package: uniquecounter 2011/01/30 v1.2 Provide unlimited unique counter (HO)
)
Package hobsub Info: Skipping package `hobsub' (already loaded).
Package: letltxmacro 2010/09/02 v1.4 Let assignment for LaTeX macros (HO)
Package: hopatch 2011/06/24 v1.1 Wrapper for package hooks (HO)
Package: xcolor-patch 2011/01/30 xcolor patch
Package: atveryend 2011/06/30 v1.8 Hooks at the very end of document (HO)
Package atveryend Info: \enddocument detected (standard20110627).
Package: atbegshi 2011/10/05 v1.16 At begin shipout hook (HO)
Package: refcount 2011/10/16 v3.4 Data extraction from label references (HO)
Package: hycolor 2011/01/30 v1.7 Color options for hyperref/bookmark (HO)
)
("C:\Program Files\MiKTeX 2.9\tex\generic\ifxetex\ifxetex.sty"
Package: ifxetex 2010/09/12 v0.6 Provides ifxetex conditional
)
("C:\Program Files\MiKTeX 2.9\tex\latex\oberdiek\auxhook.sty"
Package: auxhook 2011/03/04 v1.3 Hooks for auxiliary files (HO)
)
("C:\Program Files\MiKTeX 2.9\tex\latex\oberdiek\kvoptions.sty"
Package: kvoptions 2011/06/30 v3.11 Key value format for package options (HO)
)
\@linkdim=\dimen112
\Hy@linkcounter=\count95
\Hy@pagecounter=\count96

("C:\Program Files\MiKTeX 2.9\tex\latex\hyperref\pd1enc.def"
File: pd1enc.def 2012/11/06 v6.83m Hyperref: PDFDocEncoding definition (HO)
)
\Hy@SavedSpaceFactor=\count97

("C:\Program Files\MiKTeX 2.9\tex\latex\00miktex\hyperref.cfg"
File: hyperref.cfg 2002/06/06 v1.2 hyperref configuration of TeXLive
)

! Package hyperref Error: Wrong DVI mode driver option `ps2pdf',
(hyperref)                because pdfTeX or LuaTeX is running in PDF mode.

See the hyperref package documentation for explanation.
Type  H <return>  for immediate help.
 ...                                              
                                                  
l.4319 \ProcessKeyvalOptions{Hyp}
                                 
? 

Package hyperref Warning: Option `a4paper' is no longer used.

Package hyperref Info: Option `breaklinks' set `true' on input line 4319.
Package hyperref Info: Option `colorlinks' set `true' on input line 4319.
Package hyperref Info: Hyper figures OFF on input line 4443.
Package hyperref Info: Link nesting OFF on input line 4448.
Package hyperref Info: Hyper index ON on input line 4451.
Package hyperref Info: Plain pages OFF on input line 4458.
Package hyperref Info: Backreferencing OFF on input line 4463.
Package hyperref Info: Implicit mode ON; LaTeX internals redefined.
Package hyperref Info: Bookmarks ON on input line 4688.
\c@Hy@tempcnt=\count98
("C:\Program Files\MiKTeX 2.9\tex\latex\url\url.sty"
\Urlmuskip=\muskip10
Package: url 2013/09/16  ver 3.4  Verb mode for urls, etc.
)
LaTeX Info: Redefining \url on input line 5041.
\XeTeXLinkMargin=\dimen113
\Fld@menulength=\count99
\Field@Width=\dimen114
\Fld@charsize=\dimen115
Package hyperref Info: Hyper figures OFF on input line 6295.
Package hyperref Info: Link nesting OFF on input line 6300.
Package hyperref Info: Hyper index ON on input line 6303.
Package hyperref Info: backreferencing OFF on input line 6310.
Package hyperref Info: Link coloring ON on input line 6313.
Package hyperref Info: Link coloring with OCG OFF on input line 6320.
Package hyperref Info: PDF/A mode OFF on input line 6325.
LaTeX Info: Redefining \ref on input line 6365.
LaTeX Info: Redefining \pageref on input line 6369.
\Hy@abspage=\count100
\c@Item=\count101
\c@Hfootnote=\count102
)

Package hyperref Message: Driver (autodetected): hpdftex.

("C:\Program Files\MiKTeX 2.9\tex\latex\hyperref\hpdftex.def"
File: hpdftex.def 2012/11/06 v6.83m Hyperref driver for pdfTeX
\Fld@listcount=\count103
\c@bookmark@seq@number=\count104

("C:\Program Files\MiKTeX 2.9\tex\latex\oberdiek\rerunfilecheck.sty"
Package: rerunfilecheck 2011/04/15 v1.7 Rerun checks for auxiliary files (HO)
Package uniquecounter Info: New unique counter `rerunfilecheck' on input line 2
82.
)
\Hy@SectionHShift=\skip47
)
(C:\Users\mikeg\Dropbox\swat_papers_mkg\solareigenmodes\spacephysics_elsev\ASR_
v1_resub1.aux

LaTeX Warning: Label `e11' multiply defined.


LaTeX Warning: Label `Fig20' multiply defined.

)
LaTeX Font Info:    Checking defaults for OML/cmm/m/it on input line 51.
LaTeX Font Info:    ... okay on input line 51.
LaTeX Font Info:    Checking defaults for T1/cmr/m/n on input line 51.
LaTeX Font Info:    ... okay on input line 51.
LaTeX Font Info:    Checking defaults for OT1/cmr/m/n on input line 51.
LaTeX Font Info:    ... okay on input line 51.
LaTeX Font Info:    Checking defaults for OMS/cmsy/m/n on input line 51.
LaTeX Font Info:    ... okay on input line 51.
LaTeX Font Info:    Checking defaults for OMX/cmex/m/n on input line 51.
LaTeX Font Info:    ... okay on input line 51.
LaTeX Font Info:    Checking defaults for U/cmr/m/n on input line 51.
LaTeX Font Info:    ... okay on input line 51.
LaTeX Font Info:    Checking defaults for PD1/pdf/m/n on input line 51.
LaTeX Font Info:    ... okay on input line 51.
 ("C:\Program Files\MiKTeX 2.9\tex\context\base\supp-pdf.mkii"
[Loading MPS to PDF converter (version 2006.09.02).]
\scratchcounter=\count105
\scratchdimen=\dimen116
\scratchbox=\box30
\nofMPsegments=\count106
\nofMParguments=\count107
\everyMPshowfont=\toks18
\MPscratchCnt=\count108
\MPscratchDim=\dimen117
\MPnumerator=\count109
\makeMPintoPDFobject=\count110
\everyMPtoPDFconversion=\toks19
)
\AtBeginShipoutBox=\box31
 ("C:\Program Files\MiKTeX 2.9\tex\latex\graphics\color.sty"
Package: color 2005/11/14 v1.0j Standard LaTeX Color (DPC)

("C:\Program Files\MiKTeX 2.9\tex\latex\00miktex\color.cfg"
File: color.cfg 2007/01/18 v1.5 color configuration of teTeX/TeXLive
)
Package color Info: Driver file: pdftex.def on input line 130.
)
Package hyperref Info: Link coloring ON on input line 51.

("C:\Program Files\MiKTeX 2.9\tex\latex\hyperref\nameref.sty"
Package: nameref 2012/10/27 v2.43 Cross-referencing by name of section

("C:\Program Files\MiKTeX 2.9\tex\generic\oberdiek\gettitlestring.sty"
Package: gettitlestring 2010/12/03 v1.4 Cleanup title references (HO)
)
\c@section@level=\count111
)
LaTeX Info: Redefining \ref on input line 51.
LaTeX Info: Redefining \pageref on input line 51.
LaTeX Info: Redefining \nameref on input line 51.

(C:\Users\mikeg\Dropbox\swat_papers_mkg\solareigenmodes\spacephysics_elsev\ASR_
v1_resub1.out)
(C:\Users\mikeg\Dropbox\swat_papers_mkg\solareigenmodes\spacephysics_elsev\ASR_
v1_resub1.out)
\@outlinefile=\write4
LaTeX Font Info:    Try loading font information for U+msa on input line 107.
 ("C:\Program Files\MiKTeX 2.9\tex\latex\amsfonts\umsa.fd"
File: umsa.fd 2013/01/14 v3.01 AMS symbols A
)
LaTeX Font Info:    Try loading font information for U+msb on input line 107.

("C:\Program Files\MiKTeX 2.9\tex\latex\amsfonts\umsb.fd"
File: umsb.fd 2013/01/14 v3.01 AMS symbols B
) [1


{C:/ProgramData/MiKTeX/2.9/pdftex/config/pdftex.map}] [2] [3]
<imrescale/powerspectra.png, id=149, 526.1256pt x 518.8986pt>
File: imrescale/powerspectra.png Graphic file (type png)

<use imrescale/powerspectra.png>
Package pdftex.def Info: imrescale/powerspectra.png used on input line 146.
(pdftex.def)             Requested size: 368.2854pt x 363.22653pt.


LaTeX Warning: `h' float specifier changed to `ht'.

[4]

LaTeX Warning: Command \r invalid in math mode on input line 153.


LaTeX Warning: Command \r invalid in math mode on input line 153.


Overfull \hbox (0.76633pt too wide) in paragraph at lines 153--154
\OT1/cmr/m/n/12 ([][]2015[][]) to com-pute the Fourier power spec-tra in the so
-lar corona. By analysing
 []


LaTeX Warning: Command \r invalid in math mode on input line 156.

[5]
Overfull \hbox (10.76134pt too wide) in paragraph at lines 164--165
[]\OT1/cmr/m/n/12 The 3D nu-mer-i-cal sim-u-la-tions de-scribed here were un-de
r-taken us-ing Sheffield
 []

[6] [7] <imrescale/VAL3C_rho_temp_fig1L.jpg, id=243, 189.8292pt x 141.8901pt>
File: imrescale/VAL3C_rho_temp_fig1L.jpg Graphic file (type jpg)

<use imrescale/VAL3C_rho_temp_fig1L.jpg>
Package pdftex.def Info: imrescale/VAL3C_rho_temp_fig1L.jpg used on input line 
198.
(pdftex.def)             Requested size: 341.69226pt x 255.40196pt.

<imrescale/soundspeedVAL3C_profile_fig1R.jpg, id=244, 189.8292pt x 141.8901pt>
File: imrescale/soundspeedVAL3C_profile_fig1R.jpg Graphic file (type jpg)

<use imrescale/soundspeedVAL3C_profile_fig1R.jpg>
Package pdftex.def Info: imrescale/soundspeedVAL3C_profile_fig1R.jpg used on in
put line 199.
(pdftex.def)             Requested size: 341.69226pt x 255.40196pt.


LaTeX Warning: Float too large for page by 12.80392pt on input line 204.


LaTeX Warning: `h' float specifier changed to `ht'.

[8]

Package hyperref Warning: Token not allowed in a PDF string (PDFDocEncoding):
(hyperref)                removing `math shift' on input line 210.


Package hyperref Warning: Token not allowed in a PDF string (PDFDocEncoding):
(hyperref)                removing `math shift' on input line 210.

[9] [10] [11]

LaTeX Warning: `h' float specifier changed to `ht'.


LaTeX Warning: `h' float specifier changed to `ht'.


LaTeX Warning: `h' float specifier changed to `ht'.


LaTeX Warning: `h' float specifier changed to `ht'.


LaTeX Warning: `h' float specifier changed to `ht'.


LaTeX Warning: `h' float specifier changed to `ht'.

[12] [13] [14] [15]
<imrescale/fig2_dt_30_180_300_0_vert_2Mm.jpg, id=350, 242.8272pt x 142.6128pt>
File: imrescale/fig2_dt_30_180_300_0_vert_2Mm.jpg Graphic file (type jpg)

<use imrescale/fig2_dt_30_180_300_0_vert_2Mm.jpg>
Package pdftex.def Info: imrescale/fig2_dt_30_180_300_0_vert_2Mm.jpg used on in
put line 592.
(pdftex.def)             Requested size: 437.08861pt x 256.70279pt.

Overfull \hbox (47.08861pt too wide) in paragraph at lines 592--593
[][] 
 []


<imrescale/fig3_dt_30_180_300_0_horiz_p94Mm.jpg, id=351, 362.5545pt x 203.0787p
t>
File: imrescale/fig3_dt_30_180_300_0_horiz_p94Mm.jpg Graphic file (type jpg)
 <use imrescale/fig3_dt_30_180_300_0_horiz_p94Mm.jpg>
Package pdftex.def Info: imrescale/fig3_dt_30_180_300_0_horiz_p94Mm.jpg used on
 input line 597.
(pdftex.def)             Requested size: 362.55362pt x 203.0782pt.

<imrescale/fig4_dt_30_180_300_0_horiz_2Mm.jpg, id=352, 362.5545pt x 203.0787pt>
File: imrescale/fig4_dt_30_180_300_0_horiz_2Mm.jpg Graphic file (type jpg)
<use imrescale/fig4_dt_30_180_300_0_horiz_2Mm.jpg>
Package pdftex.def Info: imrescale/fig4_dt_30_180_300_0_horiz_2Mm.jpg used on i
nput line 602.
(pdftex.def)             Requested size: 362.55362pt x 203.0782pt.

<imrescale/fig5_dt_30_180_300_0_horiz_4p2Mm.jpg, id=353, 271.7352pt x 152.4897p
t>
File: imrescale/fig5_dt_30_180_300_0_horiz_4p2Mm.jpg Graphic file (type jpg)
 <use imrescale/fig5_dt_30_180_300_0_horiz_4p2Mm.jpg>
Package pdftex.def Info: imrescale/fig5_dt_30_180_300_0_horiz_4p2Mm.jpg used on
 input line 607.
(pdftex.def)             Requested size: 271.73451pt x 152.48932pt.


LaTeX Warning: `h' float specifier changed to `ht'.


LaTeX Warning: `h' float specifier changed to `ht'.


LaTeX Warning: `h' float specifier changed to `ht'.


LaTeX Warning: `h' float specifier changed to `ht'.

[16] [17] <imrescale/dt_300_vert_x.jpg, id=384, 550.4565pt x 312.9291pt>
File: imrescale/dt_300_vert_x.jpg Graphic file (type jpg)

<use imrescale/dt_300_vert_x.jpg>
Package pdftex.def Info: imrescale/dt_300_vert_x.jpg used on input line 623.
(pdftex.def)             Requested size: 440.3658pt x 250.3436pt.

Overfull \hbox (50.3658pt too wide) in paragraph at lines 623--624
[][] 
 []


LaTeX Warning: `h' float specifier changed to `ht'.

<imrescale/dt_300_0_0_hor_x_1Mm.jpg, id=385, 500.8311pt x 274.3851pt>
File: imrescale/dt_300_0_0_hor_x_1Mm.jpg Graphic file (type jpg)

<use imrescale/dt_300_0_0_hor_x_1Mm.jpg>
Package pdftex.def Info: imrescale/dt_300_0_0_hor_x_1Mm.jpg used on input line 
657.
(pdftex.def)             Requested size: 450.74382pt x 246.94429pt.

Overfull \hbox (60.74382pt too wide) in paragraph at lines 657--658
[][] 
 []


LaTeX Warning: `h' float specifier changed to `ht'.

<imrescale/dt_300_hor_x_2p06Mm.jpg, id=386, 547.0839pt x 319.9152pt>
File: imrescale/dt_300_hor_x_2p06Mm.jpg Graphic file (type jpg)

<use imrescale/dt_300_hor_x_2p06Mm.jpg>
Package pdftex.def Info: imrescale/dt_300_hor_x_2p06Mm.jpg used on input line 6
64.
(pdftex.def)             Requested size: 492.37094pt x 287.921pt.

Overfull \hbox (102.37094pt too wide) in paragraph at lines 664--666
[][] 
 []


LaTeX Warning: `h' float specifier changed to `ht'.

<imrescale/dt_300_hor_x_4p3Mm.jpg, id=387, 523.7166pt x 307.8702pt>
File: imrescale/dt_300_hor_x_4p3Mm.jpg Graphic file (type jpg)

<use imrescale/dt_300_hor_x_4p3Mm.jpg>
Package pdftex.def Info: imrescale/dt_300_hor_x_4p3Mm.jpg used on input line 67
1.
(pdftex.def)             Requested size: 471.34058pt x 277.0806pt.

Overfull \hbox (81.34058pt too wide) in paragraph at lines 671--672
[][] 
 []


LaTeX Warning: `h' float specifier changed to `ht'.

<imrescale/dt_180_horiz_x_1Mm.jpg, id=388, 356.2911pt x 211.5102pt>
File: imrescale/dt_180_horiz_x_1Mm.jpg Graphic file (type jpg)

<use imrescale/dt_180_horiz_x_1Mm.jpg>
Package pdftex.def Info: imrescale/dt_180_horiz_x_1Mm.jpg used on input line 67
8.
(pdftex.def)             Requested size: 320.65901pt x 190.3574pt.


LaTeX Warning: `h' float specifier changed to `ht'.

<imrescale/dt_180_horiz_x_2p06Mm.jpg, id=389, 348.3414pt x 204.2832pt>
File: imrescale/dt_180_horiz_x_2p06Mm.jpg Graphic file (type jpg)

<use imrescale/dt_180_horiz_x_2p06Mm.jpg>
Package pdftex.def Info: imrescale/dt_180_horiz_x_2p06Mm.jpg used on input line
 685.
(pdftex.def)             Requested size: 348.34055pt x 204.28268pt.


LaTeX Warning: `h' float specifier changed to `ht'.

<imrescale/dt_180_horiz_x_4p3Mm.jpg, id=390, 361.35pt x 204.765pt>
File: imrescale/dt_180_horiz_x_4p3Mm.jpg Graphic file (type jpg)

<use imrescale/dt_180_horiz_x_4p3Mm.jpg>
Package pdftex.def Info: imrescale/dt_180_horiz_x_4p3Mm.jpg used on input line 
692.
(pdftex.def)             Requested size: 361.34912pt x 204.76448pt.


LaTeX Warning: `h' float specifier changed to `ht'.

! Extra alignment tab has been changed to \cr.
<recently read> \endtemplate 
                             
l.704 ...((00) mode at 2Mm) & Ireland (171{\AA}) &
                                                   Ireland (193{\AA}) \\
? 
! Extra alignment tab has been changed to \cr.
<recently read> \endtemplate 
                             
l.706 a & -0.000805 &-0.003733 &  $10^{0.57}$ &
                                                $10^{-0.1}$ \\
? 
! Extra alignment tab has been changed to \cr.
<recently read> \endtemplate 
                             
l.708 b & 2.732  & 2.716 & 1.72 &
                                  2.2 \\
? 
! Extra }, or forgotten $.
<template> \unskip \hfil }
                          \hskip \tabcolsep \endtemplate 
l.710 c & 1.096x$10^{4}  &
                           4.724x$10^{4} & $10^{-3}$ & $10^{-3.52}$ \\
? 
! Missing $ inserted.
<inserted text> 
                $
l.710 c & 1.096x$10^{4}  &
                           4.724x$10^{4} & $10^{-3}$ & $10^{-3.52}$ \\
? 
! Missing } inserted.
<inserted text> 
                }
l.710 c & 1.096x$10^{4}  &
                           4.724x$10^{4} & $10^{-3}$ & $10^{-3.52}$ \\
? 
! Extra }, or forgotten $.
<template> \unskip \hfil }
                          \hskip \tabcolsep \endtemplate 
l.710 c & 1.096x$10^{4}  & 4.724x$10^{4} &
                                           $10^{-3}$ & $10^{-3.52}$ \\
? 
! Missing $ inserted.
<inserted text> 
                $
l.710 c & 1.096x$10^{4}  & 4.724x$10^{4} &
                                           $10^{-3}$ & $10^{-3.52}$ \\
? 
! Missing } inserted.
<inserted text> 
                }
l.710 c & 1.096x$10^{4}  & 4.724x$10^{4} &
                                           $10^{-3}$ & $10^{-3.52}$ \\
? 
! Extra alignment tab has been changed to \cr.
<recently read> \endtemplate 
                             
l.710 ...96x$10^{4}  & 4.724x$10^{4} & $10^{-3}$ &
                                                   $10^{-3.52}$ \\
? 

Overfull \hbox (31.36002pt too wide) in paragraph at lines 702--713
 [][] 
 []


<imrescale/ratio_varoverconst_eflux_vperiod_for_modes_5p5Mm.jpg, id=404, 123.34
08pt x 92.5056pt>
File: imrescale/ratio_varoverconst_eflux_vperiod_for_modes_5p5Mm.jpg Graphic fi
le (type jpg)

<use imrescale/ratio_varoverconst_eflux_vperiod_for_modes_5p5Mm.jpg>
Package pdftex.def Info: imrescale/ratio_varoverconst_eflux_vperiod_for_modes_5
p5Mm.jpg used on input line 721.
(pdftex.def)             Requested size: 370.02145pt x 277.51611pt.


LaTeX Warning: `h' float specifier changed to `ht'.


<imrescale/ratio_varoverdrve_eflux_vperiod_for_modes_5p5Mm.jpg, id=405, 217.773
6pt x 120.2894pt>
File: imrescale/ratio_varoverdrve_eflux_vperiod_for_modes_5p5Mm.jpg Graphic fil
e (type jpg)

<use imrescale/ratio_varoverdrve_eflux_vperiod_for_modes_5p5Mm.jpg>
Package pdftex.def Info: imrescale/ratio_varoverdrve_eflux_vperiod_for_modes_5p
5Mm.jpg used on input line 731.
(pdftex.def)             Requested size: 435.54611pt x 240.57819pt.

Overfull \hbox (45.54611pt too wide) in paragraph at lines 731--732
[][] 
 []


<imrescale/ratio_varoverdrve_eflux_vperiod_forallmodes_180s_5p5Mm.jpg, id=406, 
217.7736pt x 120.2894pt>
File: imrescale/ratio_varoverdrve_eflux_vperiod_forallmodes_180s_5p5Mm.jpg Grap
hic file (type jpg)

<use imrescale/ratio_varoverdrve_eflux_vperiod_forallmodes_180s_5p5Mm.jpg>
Package pdftex.def Info: imrescale/ratio_varoverdrve_eflux_vperiod_forallmodes_
180s_5p5Mm.jpg used on input line 738.
(pdftex.def)             Requested size: 435.54611pt x 240.57819pt.

Overfull \hbox (45.54611pt too wide) in paragraph at lines 738--740
[][] 
 []


<imrescale/ratio_varoverdrve_eflux_vperiod_forallmodes_300s_5p5Mm.jpg, id=407, 
217.7736pt x 120.2894pt>
File: imrescale/ratio_varoverdrve_eflux_vperiod_forallmodes_300s_5p5Mm.jpg Grap
hic file (type jpg)

<use imrescale/ratio_varoverdrve_eflux_vperiod_forallmodes_300s_5p5Mm.jpg>
Package pdftex.def Info: imrescale/ratio_varoverdrve_eflux_vperiod_forallmodes_
300s_5p5Mm.jpg used on input line 745.
(pdftex.def)             Requested size: 435.54611pt x 240.57819pt.

Overfull \hbox (45.54611pt too wide) in paragraph at lines 745--747
[][] 
 []

[18]
<imrescale/fig20_powerlaw_comparison.jpg, id=424, 113.89752pt x 85.13406pt>
File: imrescale/fig20_powerlaw_comparison.jpg Graphic file (type jpg)

<use imrescale/fig20_powerlaw_comparison.jpg>
Package pdftex.def Info: imrescale/fig20_powerlaw_comparison.jpg used on input 
line 765.
(pdftex.def)             Requested size: 455.58893pt x 340.5354pt.

Overfull \hbox (65.58893pt too wide) in paragraph at lines 765--766
[][] 
 []

[19]
(C:\Users\mikeg\Dropbox\swat_papers_mkg\solareigenmodes\spacephysics_elsev\ASR_
v1_resub1.bbl [20] [21]
Underfull \hbox (badness 10000) in paragraph at lines 133--137
\OT1/cmr/m/n/12 URL [][]$\OT1/cmtt/m/n/12 https : / / figshare . com / articles
 / Videos _ of _$
 []


Underfull \hbox (badness 10000) in paragraph at lines 133--137
$\OT1/cmtt/m/n/12 Magnetohydrodynamics _ Simulations _ of _ Solar _ Atmosphere 
_ Wave _$
 []


Underfull \hbox (badness 10000) in paragraph at lines 133--137
$\OT1/cmtt/m/n/12 Dynamics _ Generated _ by _ Solar _ Global _ Oscillating _ Ei
genmodes /$
 []

[22] [23]
! Undefined control sequence.
l.219 ...phere. From Theory to Observations}. \ssr
                                                   175, 1--27.
? 
[24]
! Undefined control sequence.
l.278   Modeling, and Coronal Seismology}. \ssr
                                                158, 397--419.
? 
)
Package atveryend Info: Empty hook `BeforeClearDocument' on input line 822.
 [25] [26 <C:/Users/mikeg/Dropbox/swat_papers_mkg/solareigenmodes/spacephysics_
elsev/imrescale/powerspectra.png (PNG copy)>] [27 <C:/Users/mikeg/Dropbox/swat_
papers_mkg/solareigenmodes/spacephysics_elsev/imrescale/VAL3C_rho_temp_fig1L.jp
g> <C:/Users/mikeg/Dropbox/swat_papers_mkg/solareigenmodes/spacephysics_elsev/i
mrescale/soundspeedVAL3C_profile_fig1R.jpg>] [28 <C:/Users/mikeg/Dropbox/swat_p
apers_mkg/solareigenmodes/spacephysics_elsev/imrescale/fig2_dt_30_180_300_0_ver
t_2Mm.jpg>] [29 <C:/Users/mikeg/Dropbox/swat_papers_mkg/solareigenmodes/spaceph
ysics_elsev/imrescale/fig3_dt_30_180_300_0_horiz_p94Mm.jpg>] [30 <C:/Users/mike
g/Dropbox/swat_papers_mkg/solareigenmodes/spacephysics_elsev/imrescale/fig4_dt_
30_180_300_0_horiz_2Mm.jpg> <C:/Users/mikeg/Dropbox/swat_papers_mkg/solareigenm
odes/spacephysics_elsev/imrescale/fig5_dt_30_180_300_0_horiz_4p2Mm.jpg>]
[31 <C:/Users/mikeg/Dropbox/swat_papers_mkg/solareigenmodes/spacephysics_elsev/
imrescale/dt_300_vert_x.jpg>] [32 <C:/Users/mikeg/Dropbox/swat_papers_mkg/solar
eigenmodes/spacephysics_elsev/imrescale/dt_300_0_0_hor_x_1Mm.jpg>] [33 <C:/User
s/mikeg/Dropbox/swat_papers_mkg/solareigenmodes/spacephysics_elsev/imrescale/dt
_300_hor_x_2p06Mm.jpg>] [34 <C:/Users/mikeg/Dropbox/swat_papers_mkg/solareigenm
odes/spacephysics_elsev/imrescale/dt_300_hor_x_4p3Mm.jpg>] [35 <C:/Users/mikeg/
Dropbox/swat_papers_mkg/solareigenmodes/spacephysics_elsev/imrescale/dt_180_hor
iz_x_1Mm.jpg> <C:/Users/mikeg/Dropbox/swat_papers_mkg/solareigenmodes/spacephys
ics_elsev/imrescale/dt_180_horiz_x_2p06Mm.jpg>] [36 <C:/Users/mikeg/Dropbox/swa
t_papers_mkg/solareigenmodes/spacephysics_elsev/imrescale/dt_180_horiz_x_4p3Mm.
jpg>] [37 <C:/Users/mikeg/Dropbox/swat_papers_mkg/solareigenmodes/spacephysics_
elsev/imrescale/ratio_varoverconst_eflux_vperiod_for_modes_5p5Mm.jpg>] [38 <C:/
Users/mikeg/Dropbox/swat_papers_mkg/solareigenmodes/spacephysics_elsev/imrescal
e/ratio_varoverdrve_eflux_vperiod_for_modes_5p5Mm.jpg>] [39 <C:/Users/mikeg/Dro
pbox/swat_papers_mkg/solareigenmodes/spacephysics_elsev/imrescale/ratio_varover
drve_eflux_vperiod_forallmodes_180s_5p5Mm.jpg>] [40 <C:/Users/mikeg/Dropbox/swa
t_papers_mkg/solareigenmodes/spacephysics_elsev/imrescale/ratio_varoverdrve_efl
ux_vperiod_forallmodes_300s_5p5Mm.jpg>] [41 <C:/Users/mikeg/Dropbox/swat_papers
_mkg/solareigenmodes/spacephysics_elsev/imrescale/fig20_powerlaw_comparison.jpg
>]
Package atveryend Info: Empty hook `AfterLastShipout' on input line 822.

(C:\Users\mikeg\Dropbox\swat_papers_mkg\solareigenmodes\spacephysics_elsev\ASR_
v1_resub1.aux)
Package atveryend Info: Executing hook `AtVeryEndDocument' on input line 822.
Package atveryend Info: Executing hook `AtEndAfterFileList' on input line 822.
Package rerunfilecheck Info: File `ASR_v1_resub1.out' has not changed.
(rerunfilecheck)             Checksum: E655FD27EA5E844C0A6D4EB52EFCC8A5;524.


LaTeX Warning: There were multiply-defined labels.

Package atveryend Info: Empty hook `AtVeryVeryEnd' on input line 822.
 ) 
Here is how much of TeX's memory you used:
 6382 strings out of 493921
 94571 string characters out of 3147282
 202714 words of memory out of 3000000
 9435 multiletter control sequences out of 15000+200000
 17098 words of font info for 63 fonts, out of 3000000 for 9000
 841 hyphenation exceptions out of 8191
 34i,11n,34p,2063b,507s stack positions out of 5000i,500n,10000p,200000b,50000s
<C:/Program Files/MiKTeX 2.9/fonts/type1/public/amsfonts/cm/cmbx12.pfb><C:/Pr
ogram Files/MiKTeX 2.9/fonts/type1/public/amsfonts/cm/cmbx8.pfb><C:/Program Fil
es/MiKTeX 2.9/fonts/type1/public/amsfonts/cm/cmex10.pfb><C:/Program Files/MiKTe
X 2.9/fonts/type1/public/amsfonts/cm/cmmi10.pfb><C:/Program Files/MiKTeX 2.9/fo
nts/type1/public/amsfonts/cm/cmmi12.pfb><C:/Program Files/MiKTeX 2.9/fonts/type
1/public/amsfonts/cm/cmmi6.pfb><C:/Program Files/MiKTeX 2.9/fonts/type1/public/
amsfonts/cm/cmmi7.pfb><C:/Program Files/MiKTeX 2.9/fonts/type1/public/amsfonts/
cm/cmmi8.pfb><C:/Program Files/MiKTeX 2.9/fonts/type1/public/amsfonts/cm/cmmib1
0.pfb><C:/Program Files/MiKTeX 2.9/fonts/type1/public/amsfonts/cm/cmr10.pfb><C:
/Program Files/MiKTeX 2.9/fonts/type1/public/amsfonts/cm/cmr12.pfb><C:/Program 
Files/MiKTeX 2.9/fonts/type1/public/amsfonts/cm/cmr17.pfb><C:/Program Files/MiK
TeX 2.9/fonts/type1/public/amsfonts/cm/cmr6.pfb><C:/Program Files/MiKTeX 2.9/fo
nts/type1/public/amsfonts/cm/cmr7.pfb><C:/Program Files/MiKTeX 2.9/fonts/type1/
public/amsfonts/cm/cmr8.pfb><C:/Program Files/MiKTeX 2.9/fonts/type1/public/ams
fonts/cm/cmsy10.pfb><C:/Program Files/MiKTeX 2.9/fonts/type1/public/amsfonts/cm
/cmsy7.pfb><C:/Program Files/MiKTeX 2.9/fonts/type1/public/amsfonts/cm/cmsy8.pf
b><C:/Program Files/MiKTeX 2.9/fonts/type1/public/amsfonts/cm/cmti10.pfb><C:/Pr
ogram Files/MiKTeX 2.9/fonts/type1/public/amsfonts/cm/cmti12.pfb><C:/Program Fi
les/MiKTeX 2.9/fonts/type1/public/amsfonts/cm/cmtt10.pfb><C:/Program Files/MiKT
eX 2.9/fonts/type1/public/amsfonts/cm/cmtt12.pfb>
Output written on ASR_v1_resub1.pdf (41 pages, 9943645 bytes).
PDF statistics:
 648 PDF objects out of 1000 (max. 8388607)
 146 named destinations out of 1000 (max. 500000)
 168 words of extra memory for PDF output out of 10000 (max. 10000000)

