This is pdfTeX, Version 3.14159265-2.6-1.40.17 (TeX Live 2016) (preloaded format=pdflatex 2017.4.6)  15 APR 2017 14:47
entering extended mode
 restricted \write18 enabled.
 file:line:error style messages enabled.
 %&-line parsing enabled.
**eigenmodes_2016_v5.tex
(./eigenmodes_2016_v5.tex
LaTeX2e <2016/03/31>
Babel <3.9r> and hyphenation patterns for 83 language(s) loaded.
(./elsarticle.cls
Document Class: elsarticle 2009/09/17, 1.20b: Elsevier Ltd
\@bls=\dimen102
(/usr/local/texlive/2016/texmf-dist/tex/latex/base/article.cls
Document Class: article 2014/09/29 v1.4h Standard LaTeX document class
(/usr/local/texlive/2016/texmf-dist/tex/latex/base/size10.clo
File: size10.clo 2014/09/29 v1.4h Standard LaTeX file (size option)
)
\c@part=\count79
\c@section=\count80
\c@subsection=\count81
\c@subsubsection=\count82
\c@paragraph=\count83
\c@subparagraph=\count84
\c@figure=\count85
\c@table=\count86
\abovecaptionskip=\skip41
\belowcaptionskip=\skip42
\bibindent=\dimen103
)
(/usr/local/texlive/2016/texmf-dist/tex/latex/graphics/graphicx.sty
Package: graphicx 2014/10/28 v1.0g Enhanced LaTeX Graphics (DPC,SPQR)

(/usr/local/texlive/2016/texmf-dist/tex/latex/graphics/keyval.sty
Package: keyval 2014/10/28 v1.15 key=value parser (DPC)
\KV@toks@=\toks14
)
(/usr/local/texlive/2016/texmf-dist/tex/latex/graphics/graphics.sty
Package: graphics 2016/05/09 v1.0r Standard LaTeX Graphics (DPC,SPQR)

(/usr/local/texlive/2016/texmf-dist/tex/latex/graphics/trig.sty
Package: trig 2016/01/03 v1.10 sin cos tan (DPC)
)
(/usr/local/texlive/2016/texmf-dist/tex/latex/graphics-cfg/graphics.cfg
File: graphics.cfg 2016/01/02 v1.10 sample graphics configuration
)
Package graphics Info: Driver file: pdftex.def on input line 96.

(/usr/local/texlive/2016/texmf-dist/tex/latex/pdftex-def/pdftex.def
File: pdftex.def 2011/05/27 v0.06d Graphics/color for pdfTeX

(/usr/local/texlive/2016/texmf-dist/tex/generic/oberdiek/infwarerr.sty
Package: infwarerr 2016/05/16 v1.4 Providing info/warning/error messages (HO)
)
(/usr/local/texlive/2016/texmf-dist/tex/generic/oberdiek/ltxcmds.sty
Package: ltxcmds 2016/05/16 v1.23 LaTeX kernel commands for general use (HO)
)
\Gread@gobject=\count87
))
\Gin@req@height=\dimen104
\Gin@req@width=\dimen105
)
(/usr/local/texlive/2016/texmf-dist/tex/latex/psnfss/pifont.sty
Package: pifont 2005/04/12 PSNFSS-v9.2a Pi font support (SPQR) 
LaTeX Font Info:    Try loading font information for U+pzd on input line 63.

(/usr/local/texlive/2016/texmf-dist/tex/latex/psnfss/upzd.fd
File: upzd.fd 2001/06/04 font definitions for U/pzd.
)
LaTeX Font Info:    Try loading font information for U+psy on input line 64.

(/usr/local/texlive/2016/texmf-dist/tex/latex/psnfss/upsy.fd
File: upsy.fd 2001/06/04 font definitions for U/psy.
))
\c@tnote=\count88
\c@fnote=\count89
\c@cnote=\count90
\c@ead=\count91
\c@author=\count92
\@eadauthor=\toks15
\c@affn=\count93
\absbox=\box26
\keybox=\box27
\Columnwidth=\dimen106
\space@left=\dimen107
\els@boxa=\box28
\els@boxb=\box29
\leftMargin=\dimen108
\@enLab=\toks16
\@sep=\skip43
\@@sep=\skip44

(./eigenmodes_2016_v5.spl)
(/usr/local/texlive/2016/texmf-dist/tex/latex/natbib/natbib.sty
Package: natbib 2010/09/13 8.31b (PWD, AO)
\bibhang=\skip45
\bibsep=\skip46
LaTeX Info: Redefining \cite on input line 694.
\c@NAT@ctr=\count94
)
\splwrite=\write3
\openout3 = `eigenmodes_2016_v5.spl'.


(/usr/local/texlive/2016/texmf-dist/tex/latex/geometry/geometry.sty
Package: geometry 2010/09/12 v5.6 Page Geometry

(/usr/local/texlive/2016/texmf-dist/tex/generic/oberdiek/ifpdf.sty
Package: ifpdf 2016/05/14 v3.1 Provides the ifpdf switch
)
(/usr/local/texlive/2016/texmf-dist/tex/generic/oberdiek/ifvtex.sty
Package: ifvtex 2016/05/16 v1.6 Detect VTeX and its facilities (HO)
Package ifvtex Info: VTeX not detected.
)
(/usr/local/texlive/2016/texmf-dist/tex/generic/ifxetex/ifxetex.sty
Package: ifxetex 2010/09/12 v0.6 Provides ifxetex conditional
)
\Gm@cnth=\count95
\Gm@cntv=\count96
\c@Gm@tempcnt=\count97
\Gm@bindingoffset=\dimen109
\Gm@wd@mp=\dimen110
\Gm@odd@mp=\dimen111
\Gm@even@mp=\dimen112
\Gm@layoutwidth=\dimen113
\Gm@layoutheight=\dimen114
\Gm@layouthoffset=\dimen115
\Gm@layoutvoffset=\dimen116
\Gm@dimlist=\toks17
)
\appnamewidth=\dimen117
)
(/usr/local/texlive/2016/texmf-dist/tex/latex/amsmath/amsmath.sty
Package: amsmath 2016/03/10 v2.15b AMS math features
\@mathmargin=\skip47

For additional information on amsmath, use the `?' option.
(/usr/local/texlive/2016/texmf-dist/tex/latex/amsmath/amstext.sty
Package: amstext 2000/06/29 v2.01 AMS text

(/usr/local/texlive/2016/texmf-dist/tex/latex/amsmath/amsgen.sty
File: amsgen.sty 1999/11/30 v2.0 generic functions
\@emptytoks=\toks18
\ex@=\dimen118
))
(/usr/local/texlive/2016/texmf-dist/tex/latex/amsmath/amsbsy.sty
Package: amsbsy 1999/11/29 v1.2d Bold Symbols
\pmbraise@=\dimen119
)
(/usr/local/texlive/2016/texmf-dist/tex/latex/amsmath/amsopn.sty
Package: amsopn 2016/03/08 v2.02 operator names
)
\inf@bad=\count98
LaTeX Info: Redefining \frac on input line 199.
\uproot@=\count99
\leftroot@=\count100
LaTeX Info: Redefining \overline on input line 297.
\classnum@=\count101
\DOTSCASE@=\count102
LaTeX Info: Redefining \ldots on input line 394.
LaTeX Info: Redefining \dots on input line 397.
LaTeX Info: Redefining \cdots on input line 518.
\Mathstrutbox@=\box30
\strutbox@=\box31
\big@size=\dimen120
LaTeX Font Info:    Redeclaring font encoding OML on input line 634.
LaTeX Font Info:    Redeclaring font encoding OMS on input line 635.
\macc@depth=\count103
\c@MaxMatrixCols=\count104
\dotsspace@=\muskip10
\c@parentequation=\count105
\dspbrk@lvl=\count106
\tag@help=\toks19
\row@=\count107
\column@=\count108
\maxfields@=\count109
\andhelp@=\toks20
\eqnshift@=\dimen121
\alignsep@=\dimen122
\tagshift@=\dimen123
\tagwidth@=\dimen124
\totwidth@=\dimen125
\lineht@=\dimen126
\@envbody=\toks21
\multlinegap=\skip48
\multlinetaggap=\skip49
\mathdisplay@stack=\toks22
LaTeX Info: Redefining \[ on input line 2739.
LaTeX Info: Redefining \] on input line 2740.
)
(/usr/local/texlive/2016/texmf-dist/tex/latex/amsfonts/amssymb.sty
Package: amssymb 2013/01/14 v3.01 AMS font symbols

(/usr/local/texlive/2016/texmf-dist/tex/latex/amsfonts/amsfonts.sty
Package: amsfonts 2013/01/14 v3.01 Basic AMSFonts support
\symAMSa=\mathgroup4
\symAMSb=\mathgroup5
LaTeX Font Info:    Overwriting math alphabet `\mathfrak' in version `bold'
(Font)                  U/euf/m/n --> U/euf/b/n on input line 106.
))
(/usr/local/texlive/2016/texmf-dist/tex/latex/hyperref/hyperref.sty
Package: hyperref 2016/05/05 v6.83n Hypertext links for LaTeX

(/usr/local/texlive/2016/texmf-dist/tex/generic/oberdiek/hobsub-hyperref.sty
Package: hobsub-hyperref 2016/05/16 v1.14 Bundle oberdiek, subset hyperref (HO)


(/usr/local/texlive/2016/texmf-dist/tex/generic/oberdiek/hobsub-generic.sty
Package: hobsub-generic 2016/05/16 v1.14 Bundle oberdiek, subset generic (HO)
Package: hobsub 2016/05/16 v1.14 Construct package bundles (HO)
Package hobsub Info: Skipping package `infwarerr' (already loaded).
Package hobsub Info: Skipping package `ltxcmds' (already loaded).
Package: ifluatex 2016/05/16 v1.4 Provides the ifluatex switch (HO)
Package ifluatex Info: LuaTeX not detected.
Package hobsub Info: Skipping package `ifvtex' (already loaded).
Package: intcalc 2016/05/16 v1.2 Expandable calculations with integers (HO)
Package hobsub Info: Skipping package `ifpdf' (already loaded).
Package: etexcmds 2016/05/16 v1.6 Avoid name clashes with e-TeX commands (HO)
Package etexcmds Info: Could not find \expanded.
(etexcmds)             That can mean that you are not using pdfTeX 1.50 or
(etexcmds)             that some package has redefined \expanded.
(etexcmds)             In the latter case, load this package earlier.
Package: kvsetkeys 2016/05/16 v1.17 Key value parser (HO)
Package: kvdefinekeys 2016/05/16 v1.4 Define keys (HO)
Package: pdftexcmds 2016/05/10 v0.21 Utility functions of pdfTeX for LuaTeX (HO
)
Package pdftexcmds Info: LuaTeX not detected.
Package pdftexcmds Info: \pdf@primitive is available.
Package pdftexcmds Info: \pdf@ifprimitive is available.
Package pdftexcmds Info: \pdfdraftmode found.
Package: pdfescape 2016/05/16 v1.14 Implements pdfTeX's escape features (HO)
Package: bigintcalc 2016/05/16 v1.4 Expandable calculations on big integers (HO
)
Package: bitset 2016/05/16 v1.2 Handle bit-vector datatype (HO)
Package: uniquecounter 2016/05/16 v1.3 Provide unlimited unique counter (HO)
)
Package hobsub Info: Skipping package `hobsub' (already loaded).
Package: letltxmacro 2016/05/16 v1.5 Let assignment for LaTeX macros (HO)
Package: hopatch 2016/05/16 v1.3 Wrapper for package hooks (HO)
Package: xcolor-patch 2016/05/16 xcolor patch
Package: atveryend 2016/05/16 v1.9 Hooks at the very end of document (HO)
Package atveryend Info: \enddocument detected (standard20110627).
Package: atbegshi 2016/05/16 v1.17 At begin shipout hook (HO)
Package: refcount 2016/05/16 v3.5 Data extraction from label references (HO)
Package: hycolor 2016/05/16 v1.8 Color options for hyperref/bookmark (HO)
)
(/usr/local/texlive/2016/texmf-dist/tex/latex/oberdiek/auxhook.sty
Package: auxhook 2016/05/16 v1.4 Hooks for auxiliary files (HO)
)
(/usr/local/texlive/2016/texmf-dist/tex/latex/oberdiek/kvoptions.sty
Package: kvoptions 2016/05/16 v3.12 Key value format for package options (HO)
)
\@linkdim=\dimen127
\Hy@linkcounter=\count110
\Hy@pagecounter=\count111

(/usr/local/texlive/2016/texmf-dist/tex/latex/hyperref/pd1enc.def
File: pd1enc.def 2016/05/05 v6.83n Hyperref: PDFDocEncoding definition (HO)
)
\Hy@SavedSpaceFactor=\count112

(/usr/local/texlive/2016/texmf-dist/tex/latex/latexconfig/hyperref.cfg
File: hyperref.cfg 2002/06/06 v1.2 hyperref configuration of TeXLive
)
Package hyperref Info: Option `final' set `true' on input line 4322.
Package hyperref Info: Hyper figures OFF on input line 4446.
Package hyperref Info: Link nesting OFF on input line 4451.
Package hyperref Info: Hyper index ON on input line 4454.
Package hyperref Info: Plain pages OFF on input line 4461.
Package hyperref Info: Backreferencing OFF on input line 4466.
Package hyperref Info: Implicit mode ON; LaTeX internals redefined.
Package hyperref Info: Bookmarks ON on input line 4691.
\c@Hy@tempcnt=\count113

(/usr/local/texlive/2016/texmf-dist/tex/latex/url/url.sty
\Urlmuskip=\muskip11
Package: url 2013/09/16  ver 3.4  Verb mode for urls, etc.
)
LaTeX Info: Redefining \url on input line 5044.
\XeTeXLinkMargin=\dimen128
\Fld@menulength=\count114
\Field@Width=\dimen129
\Fld@charsize=\dimen130
Package hyperref Info: Hyper figures OFF on input line 6298.
Package hyperref Info: Link nesting OFF on input line 6303.
Package hyperref Info: Hyper index ON on input line 6306.
Package hyperref Info: backreferencing OFF on input line 6313.
Package hyperref Info: Link coloring OFF on input line 6318.
Package hyperref Info: Link coloring with OCG OFF on input line 6323.
Package hyperref Info: PDF/A mode OFF on input line 6328.
LaTeX Info: Redefining \ref on input line 6368.
LaTeX Info: Redefining \pageref on input line 6372.
\Hy@abspage=\count115
\c@Item=\count116
\c@Hfootnote=\count117
)

Package hyperref Message: Driver (autodetected): hpdftex.

(/usr/local/texlive/2016/texmf-dist/tex/latex/hyperref/hpdftex.def
File: hpdftex.def 2016/05/05 v6.83n Hyperref driver for pdfTeX
\Fld@listcount=\count118
\c@bookmark@seq@number=\count119

(/usr/local/texlive/2016/texmf-dist/tex/latex/oberdiek/rerunfilecheck.sty
Package: rerunfilecheck 2016/05/16 v1.8 Rerun checks for auxiliary files (HO)
Package uniquecounter Info: New unique counter `rerunfilecheck' on input line 2
82.
)
\Hy@SectionHShift=\skip50
)
(./eigenmodes_2016_v5.aux)
\openout1 = `eigenmodes_2016_v5.aux'.

LaTeX Font Info:    Checking defaults for OML/cmm/m/it on input line 67.
LaTeX Font Info:    ... okay on input line 67.
LaTeX Font Info:    Checking defaults for T1/cmr/m/n on input line 67.
LaTeX Font Info:    ... okay on input line 67.
LaTeX Font Info:    Checking defaults for OT1/cmr/m/n on input line 67.
LaTeX Font Info:    ... okay on input line 67.
LaTeX Font Info:    Checking defaults for OMS/cmsy/m/n on input line 67.
LaTeX Font Info:    ... okay on input line 67.
LaTeX Font Info:    Checking defaults for OMX/cmex/m/n on input line 67.
LaTeX Font Info:    ... okay on input line 67.
LaTeX Font Info:    Checking defaults for U/cmr/m/n on input line 67.
LaTeX Font Info:    ... okay on input line 67.
LaTeX Font Info:    Checking defaults for PD1/pdf/m/n on input line 67.
LaTeX Font Info:    ... okay on input line 67.

(/usr/local/texlive/2016/texmf-dist/tex/context/base/mkii/supp-pdf.mkii
[Loading MPS to PDF converter (version 2006.09.02).]
\scratchcounter=\count120
\scratchdimen=\dimen131
\scratchbox=\box32
\nofMPsegments=\count121
\nofMParguments=\count122
\everyMPshowfont=\toks23
\MPscratchCnt=\count123
\MPscratchDim=\dimen132
\MPnumerator=\count124
\makeMPintoPDFobject=\count125
\everyMPtoPDFconversion=\toks24
) (/usr/local/texlive/2016/texmf-dist/tex/latex/oberdiek/epstopdf-base.sty
Package: epstopdf-base 2016/05/15 v2.6 Base part for package epstopdf

(/usr/local/texlive/2016/texmf-dist/tex/latex/oberdiek/grfext.sty
Package: grfext 2016/05/16 v1.2 Manage graphics extensions (HO)
)
Package grfext Info: Graphics extension search list:
(grfext)             [.png,.pdf,.jpg,.mps,.jpeg,.jbig2,.jb2,.PNG,.PDF,.JPG,.JPE
G,.JBIG2,.JB2,.eps]
(grfext)             \AppendGraphicsExtensions on input line 456.

(/usr/local/texlive/2016/texmf-dist/tex/latex/latexconfig/epstopdf-sys.cfg
File: epstopdf-sys.cfg 2010/07/13 v1.3 Configuration of (r)epstopdf for TeX Liv
e
))
*geometry* driver: auto-detecting
*geometry* detected driver: pdftex
*geometry* verbose mode - [ preamble ] result:
* driver: pdftex
* paper: custom
* layout: <same size as paper>
* layoutoffset:(h,v)=(0.0pt,0.0pt)
* hratio: 1:1
* vratio: 1:1
* modes: 
* h-part:(L,W,R)=(106.75394pt, 384.0pt, 106.75394pt)
* v-part:(T,H,B)=(141.52342pt, 562.0pt, 141.52342pt)
* \paperwidth=597.50787pt
* \paperheight=845.04684pt
* \textwidth=384.0pt
* \textheight=562.0pt
* \oddsidemargin=34.48395pt
* \evensidemargin=34.48395pt
* \topmargin=7.25343pt
* \headheight=50.0pt
* \headsep=12.0pt
* \topskip=10.0pt
* \footskip=12.0pt
* \marginparwidth=65.0pt
* \marginparsep=11.0pt
* \columnsep=10.0pt
* \skip\footins=24.0pt plus 2.0pt minus 12.0pt
* \hoffset=0.0pt
* \voffset=0.0pt
* \mag=1000
* \@twocolumnfalse
* \@twosidefalse
* \@mparswitchfalse
* \@reversemarginfalse
* (1in=72.27pt=25.4mm, 1cm=28.453pt)

\AtBeginShipoutBox=\box33
Package hyperref Info: Link coloring OFF on input line 67.
(/usr/local/texlive/2016/texmf-dist/tex/latex/hyperref/nameref.sty
Package: nameref 2012/10/27 v2.43 Cross-referencing by name of section

(/usr/local/texlive/2016/texmf-dist/tex/generic/oberdiek/gettitlestring.sty
Package: gettitlestring 2016/05/16 v1.5 Cleanup title references (HO)
)
\c@section@level=\count126
)
LaTeX Info: Redefining \ref on input line 67.
LaTeX Info: Redefining \pageref on input line 67.
LaTeX Info: Redefining \nameref on input line 67.

(./eigenmodes_2016_v5.out) (./eigenmodes_2016_v5.out)
\@outlinefile=\write4
\openout4 = `eigenmodes_2016_v5.out'.



Package natbib Warning: Citation `Ireland2015' on page 1 undefined on input lin
e 91.

LaTeX Font Info:    Try loading font information for U+msa on input line 98.
(/usr/local/texlive/2016/texmf-dist/tex/latex/amsfonts/umsa.fd
File: umsa.fd 2013/01/14 v3.01 AMS symbols A
)
LaTeX Font Info:    Try loading font information for U+msb on input line 98.

(/usr/local/texlive/2016/texmf-dist/tex/latex/amsfonts/umsb.fd
File: umsb.fd 2013/01/14 v3.01 AMS symbols B
)
Underfull \hbox (badness 10000) in paragraph at lines 98--98
[][]\OT1/cmr/m/n/8 Corresponding au-thor at: Cor-po-rate In-for-ma-tion and Com
-put-ing Ser-vices,
 []


Underfull \hbox (badness 10000) in paragraph at lines 98--98
\OT1/cmr/m/n/8 The Uni-ver-sity of Sheffield, 10-12 Brunswick Street, Sheffield
, S10 2FN, UK.
 []


Package natbib Warning: Citation `Leighton1960' on page 1 undefined on input li
ne 110.


Package natbib Warning: Citation `Ulrich1970' on page 1 undefined on input line
 110.


Package natbib Warning: Citation `Leibacher1971' on page 1 undefined on input l
ine 110.


Package natbib Warning: Citation `Hill1976' on page 1 undefined on input line 1
10.


Package natbib Warning: Citation `Brown1978' on page 1 undefined on input line 
110.


Package natbib Warning: Citation `Goedbloed2004' on page 1 undefined on input l
ine 110.


Package natbib Warning: Citation `Hill1976' on page 1 undefined on input line 1
10.


Package natbib Warning: Citation `Brown1978' on page 1 undefined on input line 
110.

[1

{/usr/local/texlive/2016/texmf-var/fonts/map/pdftex/updmap/pdftex.map}]

Package natbib Warning: Citation `Roberts1984' on page 2 undefined on input lin
e 112.


Package natbib Warning: Citation `DeMoortel2005' on page 2 undefined on input l
ine 112.


Package natbib Warning: Citation `Erdelyi2015' on page 2 undefined on input lin
e 113.


LaTeX Warning: Command \r invalid in math mode on input line 115.


LaTeX Warning: Command \r invalid in math mode on input line 115.


Package natbib Warning: Citation `Ireland2015' on page 2 undefined on input lin
e 115.

[2]

Package natbib Warning: Citation `Beck2012' on page 3 undefined on input line 1
17.


Package natbib Warning: Citation `Bello2009' on page 3 undefined on input line 
117.


LaTeX Warning: Command \r invalid in math mode on input line 117.


Package natbib Warning: Citation `Bello2010A' on page 3 undefined on input line
 117.

./eigenmodes_2016_v5.tex:117: Undefined control sequence.
l.117 ...x above granules is around 3000W/m\textss
                                                  {2} whilst above the inter...

? 
./eigenmodes_2016_v5.tex:117: Undefined control sequence.
l.117 ... intergranules it is around 955W/m\textss
                                                  {2}. Most of the acoustic ...

? 

Package natbib Warning: Citation `Roth2010' on page 3 undefined on input line 1
19.


Package natbib Warning: Citation `Roth2010' on page 3 undefined on input line 1
19.


Package natbib Warning: Citation `Jefferies2006' on page 3 undefined on input l
ine 119.


Package natbib Warning: Citation `Fedun2009' on page 3 undefined on input line 
121.


Package natbib Warning: Citation `Murawski2010' on page 3 undefined on input li
ne 121.


Package natbib Warning: Citation `Khomenko2012' on page 3 undefined on input li
ne 121.


Package natbib Warning: Citation `Kalkofen2010' on page 3 undefined on input li
ne 121.


Package natbib Warning: Citation `Lites2008' on page 3 undefined on input line 
121.

[3]

Package natbib Warning: Citation `Griffiths2015' on page 4 undefined on input l
ine 130.


Package natbib Warning: Citation `Shelyag2008' on page 4 undefined on input lin
e 130.


Package amsmath Warning: Foreign command \over;
(amsmath)                \frac or \genfrac should be used instead
(amsmath)                 on input line 132.


Package natbib Warning: Citation `Caunt2001' on page 4 undefined on input line 
168.


Package natbib Warning: Citation `Griffiths2015' on page 4 undefined on input l
ine 168.


Package natbib Warning: Citation `Shelyag2008' on page 4 undefined on input lin
e 168.

[4]

Package natbib Warning: Citation `Murawski2010' on page 5 undefined on input li
ne 182.


Package natbib Warning: Citation `Carlsson1995' on page 5 undefined on input li
ne 182.


Package natbib Warning: Citation `Kalkofen2012' on page 5 undefined on input li
ne 182.


Package natbib Warning: Citation `Leenaarts2011' on page 5 undefined on input l
ine 182.


Package natbib Warning: Citation `Vernazza1981' on page 5 undefined on input li
ne 182.


Package natbib Warning: Citation `McWhirter1975' on page 5 undefined on input l
ine 182.

<images/VAL3C_rho_temp_fig2.jpg, id=81, 864.22874pt x 481.8pt>
File: images/VAL3C_rho_temp_fig2.jpg Graphic file (type jpg)

<use images/VAL3C_rho_temp_fig2.jpg>
Package pdftex.def Info: images/VAL3C_rho_temp_fig2.jpg used on input line 189.

(pdftex.def)             Requested size: 432.11331pt x 240.8994pt.

Overfull \hbox (48.11331pt too wide) in paragraph at lines 189--190
[][] 
 []


LaTeX Warning: `h' float specifier changed to `ht'.

<images/cutofffrequency_fig4.jpg, id=82, 612.2875pt x 461.725pt>
File: images/cutofffrequency_fig4.jpg Graphic file (type jpg)

<use images/cutofffrequency_fig4.jpg>
Package pdftex.def Info: images/cutofffrequency_fig4.jpg used on input line 198
.
(pdftex.def)             Requested size: 428.59833pt x 323.20529pt.

Overfull \hbox (44.59833pt too wide) in paragraph at lines 198--199
[][] 
 []


LaTeX Warning: `h' float specifier changed to `ht'.


Package natbib Warning: Citation `Malins2007A' on page 5 undefined on input lin
e 208.

Missing character: There is no ‚ in font cmr10!
Missing character: There is no Ä in font cmr10!
Missing character: There is no ú in font cmr10!
Missing character: There is no ‚ in font cmr10!
Missing character: There is no Ä in font cmr10!
Missing character: There is no ù in font cmr10!
Missing character: There is no ‚ in font cmr10!
Missing character: There is no Ä in font cmr10!
Missing character: There is no ú in font cmr10!
Missing character: There is no ‚ in font cmr10!
Missing character: There is no Ä in font cmr10!
Missing character: There is no ù in font cmr10!
[5] [6 <./images/VAL3C_rho_temp_fig2.jpg>]

Package natbib Warning: Citation `Leighton1960' on page 7 undefined on input li
ne 232.

./eigenmodes_2016_v5.tex:237: Argument of \frac  has an extra }.
<inserted text> 
                \par 
l.237 ...{2}T_{rat}}{(n^2+m^2+2(n+m)+2)}\dot \frac
                                                  {T_m-\frac{T_{00}}{4\pi}  ...

? 
Runaway argument?
./eigenmodes_2016_v5.tex:237: Paragraph ended before \frac  was complete.
<to be read again> 
                   \par 
l.237 ...{2}T_{rat}}{(n^2+m^2+2(n+m)+2)}\dot \frac
                                                  {T_m-\frac{T_{00}}{4\pi}  ...

? 
./eigenmodes_2016_v5.tex:237: Missing $ inserted.
<inserted text> 
                $
l.237 ...{2}T_{rat}}{(n^2+m^2+2(n+m)+2)}\dot \frac
                                                  {T_m-\frac{T_{00}}{4\pi}  ...

? 
./eigenmodes_2016_v5.tex:237: Argument of \frac  has an extra }.
<inserted text> 
                \par 
l.237 ...{2}T_{rat}}{(n^2+m^2+2(n+m)+2)}\dot \frac
                                                  {T_m-\frac{T_{00}}{4\pi}  ...

? 
Runaway argument?
./eigenmodes_2016_v5.tex:237: Paragraph ended before \frac  was complete.
<to be read again> 
                   \par 
l.237 ...{2}T_{rat}}{(n^2+m^2+2(n+m)+2)}\dot \frac
                                                  {T_m-\frac{T_{00}}{4\pi}  ...

? 
./eigenmodes_2016_v5.tex:237: Missing $ inserted.
<inserted text> 
                $
l.237 ...{2}T_{rat}}{(n^2+m^2+2(n+m)+2)}\dot \frac
                                                  {T_m-\frac{T_{00}}{4\pi}  ...

? 
./eigenmodes_2016_v5.tex:237: Missing } inserted.
<inserted text> 
                }
l.237 ...{2}T_{rat}}{(n^2+m^2+2(n+m)+2)}\dot \frac
                                                  {T_m-\frac{T_{00}}{4\pi}  ...

? 
./eigenmodes_2016_v5.tex:237: Display math should end with $$.
<to be read again> 
                   \par 
l.237 ...{2}T_{rat}}{(n^2+m^2+2(n+m)+2)}\dot \frac
                                                  {T_m-\frac{T_{00}}{4\pi}  ...

? 
[7 <./images/cutofffrequency_fig4.jpg>]
./eigenmodes_2016_v5.tex:237: Extra }, or forgotten \endgroup.
<recently read> }
                 
l.237 ...{2}T_{rat}}{(n^2+m^2+2(n+m)+2)}\dot \frac
                                                  {T_m-\frac{T_{00}}{4\pi}  ...

? 
./eigenmodes_2016_v5.tex:237: Missing $ inserted.
<inserted text> 
                $
l.237 ...T_{rat}}{(n^2+m^2+2(n+m)+2)}\dot \frac{T_
                                                  m-\frac{T_{00}}{4\pi}   \s...

? 
./eigenmodes_2016_v5.tex:237: Extra }, or forgotten $.
l.237 ...\pi}   \sin(\frac{4\pi T_m}{T_{00}})    }
                                                  {T_m-\frac{T_{s}}{4\pi}   ...

? 
./eigenmodes_2016_v5.tex:238: You can't use `\eqno' in math mode.
\endmathdisplay@a ...\df@tag \@empty \else \veqno 
                                                  \alt@tag \df@tag \fi \ifx ...
l.238 \end{equation}
                    
? 
./eigenmodes_2016_v5.tex:238: Missing $ inserted.
<inserted text> 
                $
l.238 \end{equation}
                    
? 
./eigenmodes_2016_v5.tex:238: Missing } inserted.
<inserted text> 
                }
l.238 \end{equation}
                    
? 

Package natbib Warning: Citation `Leighton1960' on page 8 undefined on input li
ne 250.

<images/fig4_dt_30_180_300_0_vert_2Mm.jpg, id=115, 1011.78pt x 594.22pt>
File: images/fig4_dt_30_180_300_0_vert_2Mm.jpg Graphic file (type jpg)

<use images/fig4_dt_30_180_300_0_vert_2Mm.jpg>
Package pdftex.def Info: images/fig4_dt_30_180_300_0_vert_2Mm.jpg used on input
 line 352.
(pdftex.def)             Requested size: 404.70483pt x 237.68379pt.

Overfull \hbox (20.70483pt too wide) in paragraph at lines 352--353
[][] 
 []


LaTeX Warning: `h' float specifier changed to `ht'.


<images/fig5_dt_30_180_300_0_horiz_p94Mm.jpg, id=116, 1006.76125pt x 564.1075pt
>
File: images/fig5_dt_30_180_300_0_horiz_p94Mm.jpg Graphic file (type jpg)
 <use images/fig5_dt_30_180_300_0_horiz_p94Mm.jpg>
Package pdftex.def Info: images/fig5_dt_30_180_300_0_horiz_p94Mm.jpg used on in
put line 360.
(pdftex.def)             Requested size: 402.69736pt x 225.63899pt.

Overfull \hbox (18.69736pt too wide) in paragraph at lines 360--361
[][] 
 []


LaTeX Warning: `h' float specifier changed to `ht'.


<images/fig6_dt_30_180_300_0_horiz_2Mm.jpg, id=117, 1006.76125pt x 564.1075pt>
File: images/fig6_dt_30_180_300_0_horiz_2Mm.jpg Graphic file (type jpg)

<use images/fig6_dt_30_180_300_0_horiz_2Mm.jpg>
Package pdftex.def Info: images/fig6_dt_30_180_300_0_horiz_2Mm.jpg used on inpu
t line 367.
(pdftex.def)             Requested size: 402.69736pt x 225.63899pt.

Overfull \hbox (18.69736pt too wide) in paragraph at lines 367--368
[][] 
 []


LaTeX Warning: `h' float specifier changed to `ht'.


<images/fig7_dt_30_180_300_0_horiz_4p2Mm.jpg, id=118, 1006.76125pt x 564.1075pt
>
File: images/fig7_dt_30_180_300_0_horiz_4p2Mm.jpg Graphic file (type jpg)
 <use images/fig7_dt_30_180_300_0_horiz_4p2Mm.jpg>
Package pdftex.def Info: images/fig7_dt_30_180_300_0_horiz_4p2Mm.jpg used on in
put line 375.
(pdftex.def)             Requested size: 402.69736pt x 225.63899pt.

Overfull \hbox (18.69736pt too wide) in paragraph at lines 375--376
[][] 
 []


LaTeX Warning: `h' float specifier changed to `ht'.

[8]

Package natbib Warning: Citation `Bogdan2003' on page 9 undefined on input line
 396.

./eigenmodes_2016_v5.tex:411: Extra alignment tab has been changed to \cr.
<recently read> \endtemplate 
                             
l.411 ...IC & yes & single driver at photosphere &
                                                   \\
? 
./eigenmodes_2016_v5.tex:413: Extra alignment tab has been changed to \cr.
<recently read> \endtemplate 
                             
l.413 ...IIC & no & single driver at photosphere &
                                                    \\
? 
./eigenmodes_2016_v5.tex:415: Extra alignment tab has been changed to \cr.
<recently read> \endtemplate 
                             
l.415 ...ty & yes & single driver at photosphere &
                                                    \\
? 
./eigenmodes_2016_v5.tex:417: Extra alignment tab has been changed to \cr.
<recently read> \endtemplate 
                             
l.417 ...ity & no & single driver at photosphere &
                                                    \\
? 
./eigenmodes_2016_v5.tex:419: Extra alignment tab has been changed to \cr.
<recently read> \endtemplate 
                             
l.419 ...at the photosphere and transition zone. &
                                                    \\
? 

Overfull \hbox (56.98686pt too wide) in paragraph at lines 407--422
 [][] 
 []


Package natbib Warning: Citation `Lamb1932' on page 9 undefined on input line 4
32.


Package natbib Warning: Citation `Leibacher1971' on page 9 undefined on input l
ine 434.

[9]

Package natbib Warning: Citation `Taroyan2008' on page 10 undefined on input li
ne 440.

[10 <./images/fig4_dt_30_180_300_0_vert_2Mm.jpg>]
./eigenmodes_2016_v5.tex:454: Undefined control sequence.
l.454 ...spheric height is shown in figure \figref
                                                  {cutofffrequency_fig4} whi...

? 
./eigenmodes_2016_v5.tex:454: Missing $ inserted.
<inserted text> 
                $
l.454 ... shown in figure \figref{cutofffrequency_
                                                  fig4} which shows the cuto...

? 
./eigenmodes_2016_v5.tex:454: Extra }, or forgotten $.
l.454 ...n in figure \figref{cutofffrequency_fig4}
                                                   which shows the cutoff pe...

? 
./eigenmodes_2016_v5.tex:454: Undefined control sequence.
l.454 ...ere. It is recognised from figure \figref
                                                  { cutofffrequency_fig4} th...

? 
./eigenmodes_2016_v5.tex:455: Missing $ inserted.
<inserted text> 
                $
l.455 
      
? 

Overfull \hbox (2351.05373pt too wide) in paragraph at lines 454--455
\OT1/cmr/m/n/10 mo-spheric height is shown in fig-ure cutofffrequency$[]\OML/cm
m/m/it/10 ig\OT1/cmr/m/n/10 4\OML/cmm/m/it/10 whichshowsthecutoffperiodfortheVA
LIIIcatmopshereandforanisothermalatmosphere:Itisrecognisedfromfigure[]thatthere
isanumberofdistinctregionsofpropagationbehaviour:Forthephotospherenearthetemper
atureminimumthecutoffperiodis\OT1/cmr/m/n/10 300\OML/cmm/m/it/10 shereitisexpec
tedthatthe\OT1/cmr/m/n/10 5\OML/cmm/m/it/10 minutesmodesareevanescent:Inthechro
mosphereincreasestoavaluegreaterthan\OT1/cmr/m/n/10 300\OML/cmm/m/it/10 s; here
thefiveminutemodescanpropagate:Forthetransitionzonethecutoffdropstoavaluewhichg
oesdownto\OT1/cmr/m/n/10 100\OML/cmm/m/it/10 s:Inthecoronaitisseenthatamuchgrea
terrangeoffrequenciescanpropagate:$ 
 []


Package natbib Warning: Citation `Malins2007B' on page 11 undefined on input li
ne 456.

[11 <./images/fig5_dt_30_180_300_0_horiz_p94Mm.jpg>]
<imagesn/dt_300_vert_x.jpg, id=156, 1528.71124pt x 869.2475pt>
File: imagesn/dt_300_vert_x.jpg Graphic file (type jpg)

<use imagesn/dt_300_vert_x.jpg>
Package pdftex.def Info: imagesn/dt_300_vert_x.jpg used on input line 477.
(pdftex.def)             Requested size: 458.61691pt x 260.77626pt.

Overfull \hbox (74.61691pt too wide) in paragraph at lines 477--478
[][] 
 []

[12 <./images/fig6_dt_30_180_300_0_horiz_2Mm.jpg>]

LaTeX Warning: `h' float specifier changed to `ht'.

<imagesn/dt_180_vert_x.jpg, id=162, 953.5625pt x 590.205pt>
File: imagesn/dt_180_vert_x.jpg Graphic file (type jpg)

<use imagesn/dt_180_vert_x.jpg>
Package pdftex.def Info: imagesn/dt_180_vert_x.jpg used on input line 485.
(pdftex.def)             Requested size: 429.09917pt x 265.58978pt.

Overfull \hbox (45.09917pt too wide) in paragraph at lines 485--486
[][] 
 []


LaTeX Warning: `h' float specifier changed to `ht'.

<imagesn/dt_300_vert_y.jpg, id=163, 1406.25375pt x 833.1125pt>
File: imagesn/dt_300_vert_y.jpg Graphic file (type jpg)

<use imagesn/dt_300_vert_y.jpg>
Package pdftex.def Info: imagesn/dt_300_vert_y.jpg used on input line 493.
(pdftex.def)             Requested size: 421.87938pt x 249.93568pt.

Overfull \hbox (37.87938pt too wide) in paragraph at lines 493--494
[][] 
 []


LaTeX Warning: `h' float specifier changed to `ht'.

<imagesn/dt_180_vert_y.jpg, id=164, 1535.7375pt x 801.99625pt>
File: imagesn/dt_180_vert_y.jpg Graphic file (type jpg)

<use imagesn/dt_180_vert_y.jpg>
Package pdftex.def Info: imagesn/dt_180_vert_y.jpg used on input line 500.
(pdftex.def)             Requested size: 460.72481pt x 240.60072pt.

Overfull \hbox (76.72481pt too wide) in paragraph at lines 500--501
[][] 
 []


LaTeX Warning: `h' float specifier changed to `ht'.

<imagesn/dt_300_0_0_hor_x_1Mm.jpg, id=165, 1391.1975pt x 761.84625pt>
File: imagesn/dt_300_0_0_hor_x_1Mm.jpg Graphic file (type jpg)

<use imagesn/dt_300_0_0_hor_x_1Mm.jpg>
Package pdftex.def Info: imagesn/dt_300_0_0_hor_x_1Mm.jpg used on input line 50
8.
(pdftex.def)             Requested size: 417.36247pt x 228.55563pt.

Overfull \hbox (33.36247pt too wide) in paragraph at lines 508--509
[][] 
 []


LaTeX Warning: `h' float specifier changed to `ht'.

<imagesn/dt_300_hor_x_2p06Mm.jpg, id=166, 1519.6775pt x 888.31876pt>
File: imagesn/dt_300_hor_x_2p06Mm.jpg Graphic file (type jpg)

<use imagesn/dt_300_hor_x_2p06Mm.jpg>
Package pdftex.def Info: imagesn/dt_300_hor_x_2p06Mm.jpg used on input line 514
.
(pdftex.def)             Requested size: 455.90677pt x 266.49768pt.

Overfull \hbox (71.90677pt too wide) in paragraph at lines 514--515
[][] 
 []


LaTeX Warning: `h' float specifier changed to `ht'.

File: imagesn/dt_300_hor_x_2p06Mm.jpg Graphic file (type jpg)
<use imagesn/dt_300_hor_x_2p06Mm.jpg>
Package pdftex.def Info: imagesn/dt_300_hor_x_2p06Mm.jpg used on input line 520
.
(pdftex.def)             Requested size: 455.90677pt x 266.49768pt.

Overfull \hbox (71.90677pt too wide) in paragraph at lines 520--521
[][] 
 []


LaTeX Warning: `h' float specifier changed to `ht'.

<imagesn/dt_180_horiz_x_1Mm.jpg, id=167, 989.6975pt x 587.19376pt>
File: imagesn/dt_180_horiz_x_1Mm.jpg Graphic file (type jpg)

<use imagesn/dt_180_horiz_x_1Mm.jpg>
Package pdftex.def Info: imagesn/dt_180_horiz_x_1Mm.jpg used on input line 527.

(pdftex.def)             Requested size: 445.35976pt x 264.23474pt.

Overfull \hbox (61.35976pt too wide) in paragraph at lines 527--528
[][] 
 []


LaTeX Warning: `h' float specifier changed to `ht'.

<imagesn/dt_180_horiz_x_2p06Mm.jpg, id=168, 967.615pt x 567.11874pt>
File: imagesn/dt_180_horiz_x_2p06Mm.jpg Graphic file (type jpg)

<use imagesn/dt_180_horiz_x_2p06Mm.jpg>
Package pdftex.def Info: imagesn/dt_180_horiz_x_2p06Mm.jpg used on input line 5
33.
(pdftex.def)             Requested size: 483.80632pt x 283.55867pt.

Overfull \hbox (99.80632pt too wide) in paragraph at lines 533--534
[][] 
 []


LaTeX Warning: `h' float specifier changed to `ht'.

File: imagesn/dt_180_horiz_x_2p06Mm.jpg Graphic file (type jpg)
<use imagesn/dt_180_horiz_x_2p06Mm.jpg>
Package pdftex.def Info: imagesn/dt_180_horiz_x_2p06Mm.jpg used on input line 5
39.
(pdftex.def)             Requested size: 483.80632pt x 283.55867pt.

Overfull \hbox (99.80632pt too wide) in paragraph at lines 539--540
[][] 
 []


LaTeX Warning: `h' float specifier changed to `ht'.


Package natbib Warning: Citation `Ireland2014' on page 13 undefined on input li
ne 544.

[13 <./images/fig7_dt_30_180_300_0_horiz_4p2Mm.jpg>] [14] [15] [16 <./imagesn/d
t_300_vert_x.jpg>] [17 <./imagesn/dt_180_vert_x.jpg>] [18 <./imagesn/dt_300_ver
t_y.jpg> <./imagesn/dt_180_vert_y.jpg>] [19 <./imagesn/dt_300_0_0_hor_x_1Mm.jpg
>] [20 <./imagesn/dt_300_hor_x_2p06Mm.jpg>] [21] [22 <./imagesn/dt_180_horiz_x_
1Mm.jpg>] [23 <./imagesn/dt_180_horiz_x_2p06Mm.jpg>] [24]
./eigenmodes_2016_v5.tex:744: Missing $ inserted.
<inserted text> 
                $
l.744 ...erdrve_eflux_vperiod_for modes_5p5Mm.jpg}
                                                  
? 

LaTeX Warning: File `imagesn/ratio_varoverdrve_eflux_vperiod_for modes_5p5Mm.jp
g' not found on input line 744.


<imagesn/ratio_varoverdrve_eflux_vperiod_for modes_5p5Mm.jpg, id=241, 907.39pt 
x 500.87125pt>
File: imagesn/ratio_varoverdrve_eflux_vperiod_for modes_5p5Mm.jpg Graphic file 
(type jpg)

<use imagesn/ratio_varoverdrve_eflux_vperiod_for modes_5p5Mm.jpg>
Package pdftex.def Info: imagesn/ratio_varoverdrve_eflux_vperiod_for modes_5p5M
m.jpg used on input line 744.
(pdftex.def)             Requested size: 362.94957pt x 200.34494pt.

./eigenmodes_2016_v5.tex:744: Missing $ inserted.
<inserted text> 
                $
l.744 ...erdrve_eflux_vperiod_for modes_5p5Mm.jpg}
                                                  
? 

Overfull \hbox (58.22237pt too wide) in paragraph at lines 744--745
[][] 
 []

[25 <./imagesn/ratio_varoverdrve_eflux_vperiod_for modes_5p5Mm.jpg>]
<imagesn/ratio_varoverdrve_eflux_vperiod_forallmodes_180s_5p5Mm.jpg, id=248, 90
7.39pt x 500.87125pt>
File: imagesn/ratio_varoverdrve_eflux_vperiod_forallmodes_180s_5p5Mm.jpg Graphi
c file (type jpg)

<use imagesn/ratio_varoverdrve_eflux_vperiod_forallmodes_180s_5p5Mm.jpg>
Package pdftex.def Info: imagesn/ratio_varoverdrve_eflux_vperiod_forallmodes_18
0s_5p5Mm.jpg used on input line 753.
(pdftex.def)             Requested size: 453.6939pt x 250.435pt.

Overfull \hbox (69.6939pt too wide) in paragraph at lines 753--754
[][] 
 []


<imagesn/ratio_varoverdrve_eflux_vperiod_forallmodes_300s_5p5Mm.jpg, id=249, 90
7.39pt x 500.87125pt>
File: imagesn/ratio_varoverdrve_eflux_vperiod_forallmodes_300s_5p5Mm.jpg Graphi
c 