This is pdfTeX, Version 3.1415926-2.5-1.40.14 (MiKTeX 2.9 64-bit) (preloaded format=pdflatex 2014.9.23)  18 NOV 2016 10:03
entering extended mode
**C:/Users/mike/Dropbox/swat_papers_mkg/solareigenmodes/spacephysics_elsev/eige
nmodes_2016_v2.tex

(C:/Users/mike/Dropbox/swat_papers_mkg/solareigenmodes/spacephysics_elsev/eigen
modes_2016_v2.tex
LaTeX2e <2011/06/27>
Babel <v3.8m> and hyphenation patterns for english, afrikaans, ancientgreek, ar
abic, armenian, assamese, basque, bengali, bokmal, bulgarian, catalan, coptic, 
croatian, czech, danish, dutch, esperanto, estonian, farsi, finnish, french, ga
lician, german, german-x-2013-05-26, greek, gujarati, hindi, hungarian, iceland
ic, indonesian, interlingua, irish, italian, kannada, kurmanji, latin, latvian,
 lithuanian, malayalam, marathi, mongolian, mongolianlmc, monogreek, ngerman, n
german-x-2013-05-26, nynorsk, oriya, panjabi, pinyin, polish, portuguese, roman
ian, russian, sanskrit, serbian, slovak, slovenian, spanish, swedish, swissgerm
an, tamil, telugu, turkish, turkmen, ukenglish, ukrainian, uppersorbian, usengl
ishmax, welsh, loaded.

(C:\Users\mike\Dropbox\swat_papers_mkg\solareigenmodes\spacephysics_elsev\elsar
ticle.cls
Document Class: elsarticle 2009/09/17, 1.20b: Elsevier Ltd
\@bls=\dimen102
("C:\Program Files\MiKTeX 2.9\tex\latex\base\article.cls"
Document Class: article 2007/10/19 v1.4h Standard LaTeX document class
("C:\Program Files\MiKTeX 2.9\tex\latex\base\size10.clo"
File: size10.clo 2007/10/19 v1.4h Standard LaTeX file (size option)
)
\c@part=\count79
\c@section=\count80
\c@subsection=\count81
\c@subsubsection=\count82
\c@paragraph=\count83
\c@subparagraph=\count84
\c@figure=\count85
\c@table=\count86
\abovecaptionskip=\skip41
\belowcaptionskip=\skip42
\bibindent=\dimen103
)
("C:\Program Files\MiKTeX 2.9\tex\latex\graphics\graphicx.sty"
Package: graphicx 1999/02/16 v1.0f Enhanced LaTeX Graphics (DPC,SPQR)

("C:\Program Files\MiKTeX 2.9\tex\latex\graphics\keyval.sty"
Package: keyval 1999/03/16 v1.13 key=value parser (DPC)
\KV@toks@=\toks14
)
("C:\Program Files\MiKTeX 2.9\tex\latex\graphics\graphics.sty"
Package: graphics 2009/02/05 v1.0o Standard LaTeX Graphics (DPC,SPQR)

("C:\Program Files\MiKTeX 2.9\tex\latex\graphics\trig.sty"
Package: trig 1999/03/16 v1.09 sin cos tan (DPC)
)
("C:\Program Files\MiKTeX 2.9\tex\latex\00miktex\graphics.cfg"
File: graphics.cfg 2007/01/18 v1.5 graphics configuration of teTeX/TeXLive
)
Package graphics Info: Driver file: pdftex.def on input line 91.

("C:\Program Files\MiKTeX 2.9\tex\latex\pdftex-def\pdftex.def"
File: pdftex.def 2011/05/27 v0.06d Graphics/color for pdfTeX

("C:\Program Files\MiKTeX 2.9\tex\generic\oberdiek\infwarerr.sty"
Package: infwarerr 2010/04/08 v1.3 Providing info/warning/error messages (HO)
)
("C:\Program Files\MiKTeX 2.9\tex\generic\oberdiek\ltxcmds.sty"
Package: ltxcmds 2011/11/09 v1.22 LaTeX kernel commands for general use (HO)
)
\Gread@gobject=\count87
))
\Gin@req@height=\dimen104
\Gin@req@width=\dimen105
)
("C:\Program Files\MiKTeX 2.9\tex\latex\psnfss\pifont.sty"
Package: pifont 2005/04/12 PSNFSS-v9.2a Pi font support (SPQR) 
LaTeX Font Info:    Try loading font information for U+pzd on input line 63.

("C:\Program Files\MiKTeX 2.9\tex\latex\psnfss\upzd.fd"
File: upzd.fd 2001/06/04 font definitions for U/pzd.
)
LaTeX Font Info:    Try loading font information for U+psy on input line 64.

("C:\Program Files\MiKTeX 2.9\tex\latex\psnfss\upsy.fd"
File: upsy.fd 2001/06/04 font definitions for U/psy.
))
\c@tnote=\count88
\c@fnote=\count89
\c@cnote=\count90
\c@ead=\count91
\c@author=\count92
\@eadauthor=\toks15
\c@affn=\count93
\absbox=\box26
\keybox=\box27
\Columnwidth=\dimen106
\space@left=\dimen107
\els@boxa=\box28
\els@boxb=\box29
\leftMargin=\dimen108
\@enLab=\toks16
\@sep=\skip43
\@@sep=\skip44

(C:\Users\mike\Dropbox\swat_papers_mkg\solareigenmodes\spacephysics_elsev\eigen
modes_2016_v2.spl) ("C:\Program Files\MiKTeX 2.9\tex\latex\natbib\natbib.sty"
Package: natbib 2010/09/13 8.31b (PWD, AO)
\bibhang=\skip45
\bibsep=\skip46
LaTeX Info: Redefining \cite on input line 694.
\c@NAT@ctr=\count94
)
\splwrite=\write3

("C:\Program Files\MiKTeX 2.9\tex\latex\geometry\geometry.sty"
Package: geometry 2010/09/12 v5.6 Page Geometry

("C:\Program Files\MiKTeX 2.9\tex\generic\oberdiek\ifpdf.sty"
Package: ifpdf 2011/01/30 v2.3 Provides the ifpdf switch (HO)
Package ifpdf Info: pdfTeX in PDF mode is detected.
)
("C:\Program Files\MiKTeX 2.9\tex\generic\oberdiek\ifvtex.sty"
Package: ifvtex 2010/03/01 v1.5 Detect VTeX and its facilities (HO)
Package ifvtex Info: VTeX not detected.
)
("C:\Program Files\MiKTeX 2.9\tex\generic\ifxetex\ifxetex.sty"
Package: ifxetex 2010/09/12 v0.6 Provides ifxetex conditional
)
\Gm@cnth=\count95
\Gm@cntv=\count96
\c@Gm@tempcnt=\count97
\Gm@bindingoffset=\dimen109
\Gm@wd@mp=\dimen110
\Gm@odd@mp=\dimen111
\Gm@even@mp=\dimen112
\Gm@layoutwidth=\dimen113
\Gm@layoutheight=\dimen114
\Gm@layouthoffset=\dimen115
\Gm@layoutvoffset=\dimen116
\Gm@dimlist=\toks17

("C:\Program Files\MiKTeX 2.9\tex\latex\geometry\geometry.cfg"))
\appnamewidth=\dimen117
)
("C:\Program Files\MiKTeX 2.9\tex\latex\amsmath\amsmath.sty"
Package: amsmath 2013/01/14 v2.14 AMS math features
\@mathmargin=\skip47

For additional information on amsmath, use the `?' option.
("C:\Program Files\MiKTeX 2.9\tex\latex\amsmath\amstext.sty"
Package: amstext 2000/06/29 v2.01

("C:\Program Files\MiKTeX 2.9\tex\latex\amsmath\amsgen.sty"
File: amsgen.sty 1999/11/30 v2.0
\@emptytoks=\toks18
\ex@=\dimen118
))
("C:\Program Files\MiKTeX 2.9\tex\latex\amsmath\amsbsy.sty"
Package: amsbsy 1999/11/29 v1.2d
\pmbraise@=\dimen119
)
("C:\Program Files\MiKTeX 2.9\tex\latex\amsmath\amsopn.sty"
Package: amsopn 1999/12/14 v2.01 operator names
)
\inf@bad=\count98
LaTeX Info: Redefining \frac on input line 210.
\uproot@=\count99
\leftroot@=\count100
LaTeX Info: Redefining \overline on input line 306.
\classnum@=\count101
\DOTSCASE@=\count102
LaTeX Info: Redefining \ldots on input line 378.
LaTeX Info: Redefining \dots on input line 381.
LaTeX Info: Redefining \cdots on input line 466.
\Mathstrutbox@=\box30
\strutbox@=\box31
\big@size=\dimen120
LaTeX Font Info:    Redeclaring font encoding OML on input line 566.
LaTeX Font Info:    Redeclaring font encoding OMS on input line 567.
\macc@depth=\count103
\c@MaxMatrixCols=\count104
\dotsspace@=\muskip10
\c@parentequation=\count105
\dspbrk@lvl=\count106
\tag@help=\toks19
\row@=\count107
\column@=\count108
\maxfields@=\count109
\andhelp@=\toks20
\eqnshift@=\dimen121
\alignsep@=\dimen122
\tagshift@=\dimen123
\tagwidth@=\dimen124
\totwidth@=\dimen125
\lineht@=\dimen126
\@envbody=\toks21
\multlinegap=\skip48
\multlinetaggap=\skip49
\mathdisplay@stack=\toks22
LaTeX Info: Redefining \[ on input line 2665.
LaTeX Info: Redefining \] on input line 2666.
)
("C:\Program Files\MiKTeX 2.9\tex\latex\amsfonts\amssymb.sty"
Package: amssymb 2013/01/14 v3.01 AMS font symbols

("C:\Program Files\MiKTeX 2.9\tex\latex\amsfonts\amsfonts.sty"
Package: amsfonts 2013/01/14 v3.01 Basic AMSFonts support
\symAMSa=\mathgroup4
\symAMSb=\mathgroup5
LaTeX Font Info:    Overwriting math alphabet `\mathfrak' in version `bold'
(Font)                  U/euf/m/n --> U/euf/b/n on input line 106.
))
("C:\Program Files\MiKTeX 2.9\tex\latex\hyperref\hyperref.sty"
Package: hyperref 2012/11/06 v6.83m Hypertext links for LaTeX

("C:\Program Files\MiKTeX 2.9\tex\generic\oberdiek\hobsub-hyperref.sty"
Package: hobsub-hyperref 2012/04/25 v1.12 Bundle oberdiek, subset hyperref (HO)


("C:\Program Files\MiKTeX 2.9\tex\generic\oberdiek\hobsub-generic.sty"
Package: hobsub-generic 2012/04/25 v1.12 Bundle oberdiek, subset generic (HO)
Package: hobsub 2012/04/25 v1.12 Construct package bundles (HO)
Package hobsub Info: Skipping package `infwarerr' (already loaded).
Package hobsub Info: Skipping package `ltxcmds' (already loaded).
Package: ifluatex 2010/03/01 v1.3 Provides the ifluatex switch (HO)
Package ifluatex Info: LuaTeX not detected.
Package hobsub Info: Skipping package `ifvtex' (already loaded).
Package: intcalc 2007/09/27 v1.1 Expandable calculations with integers (HO)
Package hobsub Info: Skipping package `ifpdf' (already loaded).
Package: etexcmds 2011/02/16 v1.5 Avoid name clashes with e-TeX commands (HO)
Package etexcmds Info: Could not find \expanded.
(etexcmds)             That can mean that you are not using pdfTeX 1.50 or
(etexcmds)             that some package has redefined \expanded.
(etexcmds)             In the latter case, load this package earlier.
Package: kvsetkeys 2012/04/25 v1.16 Key value parser (HO)
Package: kvdefinekeys 2011/04/07 v1.3 Define keys (HO)
Package: pdftexcmds 2011/11/29 v0.20 Utility functions of pdfTeX for LuaTeX (HO
)
Package pdftexcmds Info: LuaTeX not detected.
Package pdftexcmds Info: \pdf@primitive is available.
Package pdftexcmds Info: \pdf@ifprimitive is available.
Package pdftexcmds Info: \pdfdraftmode found.
Package: pdfescape 2011/11/25 v1.13 Implements pdfTeX's escape features (HO)
Package: bigintcalc 2012/04/08 v1.3 Expandable calculations on big integers (HO
)
Package: bitset 2011/01/30 v1.1 Handle bit-vector datatype (HO)
Package: uniquecounter 2011/01/30 v1.2 Provide unlimited unique counter (HO)
)
Package hobsub Info: Skipping package `hobsub' (already loaded).
Package: letltxmacro 2010/09/02 v1.4 Let assignment for LaTeX macros (HO)
Package: hopatch 2011/06/24 v1.1 Wrapper for package hooks (HO)
Package: xcolor-patch 2011/01/30 xcolor patch
Package: atveryend 2011/06/30 v1.8 Hooks at the very end of document (HO)
Package atveryend Info: \enddocument detected (standard20110627).
Package: atbegshi 2011/10/05 v1.16 At begin shipout hook (HO)
Package: refcount 2011/10/16 v3.4 Data extraction from label references (HO)
Package: hycolor 2011/01/30 v1.7 Color options for hyperref/bookmark (HO)
)
("C:\Program Files\MiKTeX 2.9\tex\latex\oberdiek\auxhook.sty"
Package: auxhook 2011/03/04 v1.3 Hooks for auxiliary files (HO)
)
("C:\Program Files\MiKTeX 2.9\tex\latex\oberdiek\kvoptions.sty"
Package: kvoptions 2011/06/30 v3.11 Key value format for package options (HO)
)
\@linkdim=\dimen127
\Hy@linkcounter=\count110
\Hy@pagecounter=\count111

("C:\Program Files\MiKTeX 2.9\tex\latex\hyperref\pd1enc.def"
File: pd1enc.def 2012/11/06 v6.83m Hyperref: PDFDocEncoding definition (HO)
)
\Hy@SavedSpaceFactor=\count112

("C:\Program Files\MiKTeX 2.9\tex\latex\00miktex\hyperref.cfg"
File: hyperref.cfg 2002/06/06 v1.2 hyperref configuration of TeXLive
)
Package hyperref Info: Option `final' set `true' on input line 4319.
Package hyperref Info: Hyper figures OFF on input line 4443.
Package hyperref Info: Link nesting OFF on input line 4448.
Package hyperref Info: Hyper index ON on input line 4451.
Package hyperref Info: Plain pages OFF on input line 4458.
Package hyperref Info: Backreferencing OFF on input line 4463.
Package hyperref Info: Implicit mode ON; LaTeX internals redefined.
Package hyperref Info: Bookmarks ON on input line 4688.
\c@Hy@tempcnt=\count113

("C:\Program Files\MiKTeX 2.9\tex\latex\url\url.sty"
\Urlmuskip=\muskip11
Package: url 2013/09/16  ver 3.4  Verb mode for urls, etc.
)
LaTeX Info: Redefining \url on input line 5041.
\XeTeXLinkMargin=\dimen128
\Fld@menulength=\count114
\Field@Width=\dimen129
\Fld@charsize=\dimen130
Package hyperref Info: Hyper figures OFF on input line 6295.
Package hyperref Info: Link nesting OFF on input line 6300.
Package hyperref Info: Hyper index ON on input line 6303.
Package hyperref Info: backreferencing OFF on input line 6310.
Package hyperref Info: Link coloring OFF on input line 6315.
Package hyperref Info: Link coloring with OCG OFF on input line 6320.
Package hyperref Info: PDF/A mode OFF on input line 6325.
LaTeX Info: Redefining \ref on input line 6365.
LaTeX Info: Redefining \pageref on input line 6369.
\Hy@abspage=\count115
\c@Item=\count116
\c@Hfootnote=\count117
)

Package hyperref Message: Driver (autodetected): hpdftex.

("C:\Program Files\MiKTeX 2.9\tex\latex\hyperref\hpdftex.def"
File: hpdftex.def 2012/11/06 v6.83m Hyperref driver for pdfTeX
\Fld@listcount=\count118
\c@bookmark@seq@number=\count119

("C:\Program Files\MiKTeX 2.9\tex\latex\oberdiek\rerunfilecheck.sty"
Package: rerunfilecheck 2011/04/15 v1.7 Rerun checks for auxiliary files (HO)
Package uniquecounter Info: New unique counter `rerunfilecheck' on input line 2
82.
)
\Hy@SectionHShift=\skip50
)
(C:\Users\mike\Dropbox\swat_papers_mkg\solareigenmodes\spacephysics_elsev\eigen
modes_2016_v2.aux

LaTeX Warning: Label `eqwaveenergyfluxintegral' multiply defined.

)
LaTeX Font Info:    Checking defaults for OML/cmm/m/it on input line 66.
LaTeX Font Info:    ... okay on input line 66.
LaTeX Font Info:    Checking defaults for T1/cmr/m/n on input line 66.
LaTeX Font Info:    ... okay on input line 66.
LaTeX Font Info:    Checking defaults for OT1/cmr/m/n on input line 66.
LaTeX Font Info:    ... okay on input line 66.
LaTeX Font Info:    Checking defaults for OMS/cmsy/m/n on input line 66.
LaTeX Font Info:    ... okay on input line 66.
LaTeX Font Info:    Checking defaults for OMX/cmex/m/n on input line 66.
LaTeX Font Info:    ... okay on input line 66.
LaTeX Font Info:    Checking defaults for U/cmr/m/n on input line 66.
LaTeX Font Info:    ... okay on input line 66.
LaTeX Font Info:    Checking defaults for PD1/pdf/m/n on input line 66.
LaTeX Font Info:    ... okay on input line 66.
 ("C:\Program Files\MiKTeX 2.9\tex\context\base\supp-pdf.mkii"
[Loading MPS to PDF converter (version 2006.09.02).]
\scratchcounter=\count120
\scratchdimen=\dimen131
\scratchbox=\box32
\nofMPsegments=\count121
\nofMParguments=\count122
\everyMPshowfont=\toks23
\MPscratchCnt=\count123
\MPscratchDim=\dimen132
\MPnumerator=\count124
\makeMPintoPDFobject=\count125
\everyMPtoPDFconversion=\toks24
)
*geometry* driver: auto-detecting
*geometry* detected driver: pdftex
*geometry* verbose mode - [ preamble ] result:
* driver: pdftex
* paper: custom
* layout: <same size as paper>
* layoutoffset:(h,v)=(0.0pt,0.0pt)
* hratio: 1:1
* vratio: 1:1
* modes: 
* h-part:(L,W,R)=(106.75394pt, 384.0pt, 106.75394pt)
* v-part:(T,H,B)=(141.52342pt, 562.0pt, 141.52342pt)
* \paperwidth=597.50787pt
* \paperheight=845.04684pt
* \textwidth=384.0pt
* \textheight=562.0pt
* \oddsidemargin=34.48395pt
* \evensidemargin=34.48395pt
* \topmargin=7.25343pt
* \headheight=50.0pt
* \headsep=12.0pt
* \topskip=10.0pt
* \footskip=12.0pt
* \marginparwidth=65.0pt
* \marginparsep=11.0pt
* \columnsep=10.0pt
* \skip\footins=24.0pt plus 2.0pt minus 12.0pt
* \hoffset=0.0pt
* \voffset=0.0pt
* \mag=1000
* \@twocolumnfalse
* \@twosidefalse
* \@mparswitchfalse
* \@reversemarginfalse
* (1in=72.27pt=25.4mm, 1cm=28.453pt)

\AtBeginShipoutBox=\box33
Package hyperref Info: Link coloring OFF on input line 66.
("C:\Program Files\MiKTeX 2.9\tex\latex\hyperref\nameref.sty"
Package: nameref 2012/10/27 v2.43 Cross-referencing by name of section

("C:\Program Files\MiKTeX 2.9\tex\generic\oberdiek\gettitlestring.sty"
Package: gettitlestring 2010/12/03 v1.4 Cleanup title references (HO)
)
\c@section@level=\count126
)
LaTeX Info: Redefining \ref on input line 66.
LaTeX Info: Redefining \pageref on input line 66.
LaTeX Info: Redefining \nameref on input line 66.

(C:\Users\mike\Dropbox\swat_papers_mkg\solareigenmodes\spacephysics_elsev\eigen
modes_2016_v2.out)
(C:\Users\mike\Dropbox\swat_papers_mkg\solareigenmodes\spacephysics_elsev\eigen
modes_2016_v2.out)
\@outlinefile=\write4
LaTeX Font Info:    Try loading font information for U+msa on input line 100.
 ("C:\Program Files\MiKTeX 2.9\tex\latex\amsfonts\umsa.fd"
File: umsa.fd 2013/01/14 v3.01 AMS symbols A
)
LaTeX Font Info:    Try loading font information for U+msb on input line 100.

("C:\Program Files\MiKTeX 2.9\tex\latex\amsfonts\umsb.fd"
File: umsb.fd 2013/01/14 v3.01 AMS symbols B
) [1

{C:/ProgramData/MiKTeX/2.9/pdftex/config/pdftex.map}]
Underfull \hbox (badness 10000) in paragraph at lines 100--100
[][]\OT1/cmr/m/n/8 Corresponding au-thor at: Cor-po-rate In-for-ma-tion and Com
-put-ing Ser-vices,
 []


Underfull \hbox (badness 10000) in paragraph at lines 100--100
\OT1/cmr/m/n/8 The Uni-ver-sity of Sheffield, 10-12 Brunswick Street, Sheffield
, S10 2FN, UK.
 []


Package natbib Warning: Citation `Erdelyi2015' on page 2 undefined on input lin
e 117.

[2]

LaTeX Warning: Command \r invalid in math mode on input line 119.


LaTeX Warning: Command \r invalid in math mode on input line 119.


Package natbib Warning: Citation `Ireland2014' on page 3 undefined on input lin
e 119.


Package natbib Warning: Citation `Bello2009' on page 3 undefined on input line 
121.


LaTeX Warning: Command \r invalid in math mode on input line 121.


Package natbib Warning: Citation `Bello2010A' on page 3 undefined on input line
 121.


Package natbib Warning: Citation `Carlsson2007' on page 3 undefined on input li
ne 125.

[3]

Package natbib Warning: Citation `Roth2010' on page 4 undefined on input line 1
27.


Package natbib Warning: Citation `Bogdan2000' on page 4 undefined on input line
 131.


Package natbib Warning: Citation `Bello2010B' on page 4 undefined on input line
 131.


Package natbib Warning: Citation `Bello2010B' on page 4 undefined on input line
 135.


Package natbib Warning: Citation `Freij2014' on page 4 undefined on input line 
140.

[4]

Package natbib Warning: Citation `Fedun2009' on page 5 undefined on input line 
146.


Package natbib Warning: Citation `Khomenko2012' on page 5 undefined on input li
ne 149.

[5]

Package amsmath Warning: Foreign command \over;
(amsmath)                \frac or \genfrac should be used instead
(amsmath)                 on input line 165.

[6] <images/VAL3C_rho_temp_fig2.jpg, id=151, 864.22874pt x 481.8pt>
File: images/VAL3C_rho_temp_fig2.jpg Graphic file (type jpg)

<use images/VAL3C_rho_temp_fig2.jpg>
Package pdftex.def Info: images/VAL3C_rho_temp_fig2.jpg used on input line 228.

(pdftex.def)             Requested size: 518.54124pt x 289.08221pt.

Overfull \hbox (134.54124pt too wide) in paragraph at lines 228--229
[][] 
 []


LaTeX Warning: `h' float specifier changed to `ht'.

<images/soundspeedVAL3C_profile_fig3.jpg, id=152, 1028.84375pt x 607.26875pt>
File: images/soundspeedVAL3C_profile_fig3.jpg Graphic file (type jpg)

<use images/soundspeedVAL3C_profile_fig3.jpg>
Package pdftex.def Info: images/soundspeedVAL3C_profile_fig3.jpg used on input 
line 235.
(pdftex.def)             Requested size: 514.42062pt x 303.63364pt.

Overfull \hbox (130.42062pt too wide) in paragraph at lines 235--236
[][] 
 []


LaTeX Warning: `h' float specifier changed to `ht'.

<images/cutofffrequency_fig4.jpg, id=153, 612.2875pt x 461.725pt>
File: images/cutofffrequency_fig4.jpg Graphic file (type jpg)

<use images/cutofffrequency_fig4.jpg>
Package pdftex.def Info: images/cutofffrequency_fig4.jpg used on input line 242
.
(pdftex.def)             Requested size: 428.59833pt x 323.20529pt.

Overfull \hbox (44.59833pt too wide) in paragraph at lines 242--243
[][] 
 []


LaTeX Warning: `h' float specifier changed to `ht'.

Missing character: There is no ‚ in font cmr10!
Missing character: There is no Ä in font cmr10!
Missing character: There is no ú in font cmr10!
Missing character: There is no ‚ in font cmr10!
Missing character: There is no Ä in font cmr10!
Missing character: There is no ù in font cmr10!
Missing character: There is no ‚ in font cmr10!
Missing character: There is no Ä in font cmr10!
Missing character: There is no ú in font cmr10!
Missing character: There is no ‚ in font cmr10!
Missing character: There is no Ä in font cmr10!
Missing character: There is no ù in font cmr10!
[7] [8 <C:/Users/mike/Dropbox/swat_papers_mkg/solareigenmodes/spacephysics_else
v/images/VAL3C_rho_temp_fig2.jpg>] [9 <C:/Users/mike/Dropbox/swat_papers_mkg/so
lareigenmodes/spacephysics_elsev/images/soundspeedVAL3C_profile_fig3.jpg>]
[10 <C:/Users/mike/Dropbox/swat_papers_mkg/solareigenmodes/spacephysics_elsev/i
mages/cutofffrequency_fig4.jpg>]
<images/fig4_dt_30_180_300_0_vert_2Mm.jpg, id=202, 1006.76125pt x 545.03625pt>
File: images/fig4_dt_30_180_300_0_vert_2Mm.jpg Graphic file (type jpg)

<use images/fig4_dt_30_180_300_0_vert_2Mm.jpg>
Package pdftex.def Info: images/fig4_dt_30_180_300_0_vert_2Mm.jpg used on input
 line 416.
(pdftex.def)             Requested size: 503.3794pt x 272.51746pt.

Overfull \hbox (119.3794pt too wide) in paragraph at lines 416--417
[][] 
 []


LaTeX Warning: `h' float specifier changed to `ht'.


<images/fig5_dt_30_180_300_0_horiz_p94Mm.jpg, id=203, 1006.76125pt x 564.1075pt
>
File: images/fig5_dt_30_180_300_0_horiz_p94Mm.jpg Graphic file (type jpg)
 <use images/fig5_dt_30_180_300_0_horiz_p94Mm.jpg>
Package pdftex.def Info: images/fig5_dt_30_180_300_0_horiz_p94Mm.jpg used on in
put line 424.
(pdftex.def)             Requested size: 503.3794pt x 282.05305pt.

Overfull \hbox (119.3794pt too wide) in paragraph at lines 424--425
[][] 
 []


LaTeX Warning: `h' float specifier changed to `ht'.


<images/fig6_dt_30_180_300_0_horiz_2Mm.jpg, id=204, 1006.76125pt x 564.1075pt>
File: images/fig6_dt_30_180_300_0_horiz_2Mm.jpg Graphic file (type jpg)

<use images/fig6_dt_30_180_300_0_horiz_2Mm.jpg>
Package pdftex.def Info: images/fig6_dt_30_180_300_0_horiz_2Mm.jpg used on inpu
t line 431.
(pdftex.def)             Requested size: 503.3794pt x 282.05305pt.

Overfull \hbox (119.3794pt too wide) in paragraph at lines 431--432
[][] 
 []


LaTeX Warning: `h' float specifier changed to `ht'.


<images/fig7_dt_30_180_300_0_horiz_4p2Mm.jpg, id=205, 1006.76125pt x 564.1075pt
>
File: images/fig7_dt_30_180_300_0_horiz_4p2Mm.jpg Graphic file (type jpg)
 <use images/fig7_dt_30_180_300_0_horiz_4p2Mm.jpg>
Package pdftex.def Info: images/fig7_dt_30_180_300_0_horiz_4p2Mm.jpg used on in
put line 439.
(pdftex.def)             Requested size: 503.3794pt x 282.05305pt.

Overfull \hbox (119.3794pt too wide) in paragraph at lines 439--440
[][] 
 []


LaTeX Warning: `h' float specifier changed to `ht'.

[11]

Package amsfonts Warning: Obsolete command \bold; \mathbf should be used instea
d on input line 470.


Package natbib Warning: Citation `Bogdan2003' on page 12 undefined on input lin
e 477.

! Extra alignment tab has been changed to \cr.
<recently read> \endtemplate 
                             
l.492 ...IC & yes & single driver at photosphere &
                                                   \\
? 
! Extra alignment tab has been changed to \cr.
<recently read> \endtemplate 
                             
l.494 ...IIC & no & single driver at photosphere &
                                                    \\
? 
! Extra alignment tab has been changed to \cr.
<recently read> \endtemplate 
                             
l.496 ...ty & yes & single driver at photosphere &
                                                    \\
? 
! Extra alignment tab has been changed to \cr.
<recently read> \endtemplate 
                             
l.498 ...ity & no & single driver at photosphere &
                                                    \\
? 
! Extra alignment tab has been changed to \cr.
<recently read> \endtemplate 
                             
l.500 ...at the photosphere and transition zone. &
                                                    \\
? 

Overfull \hbox (56.98686pt too wide) in paragraph at lines 488--503
 [][] 
 []

[12] [13] [14] [15 <C:/Users/mike/Dropbox/swat_papers_mkg/solareigenmodes/space
physics_elsev/images/fig4_dt_30_180_300_0_vert_2Mm.jpg>]

Package natbib Warning: Citation `Malins2007B' on page 16 undefined on input li
ne 709.

[16 <C:/Users/mike/Dropbox/swat_papers_mkg/solareigenmodes/spacephysics_elsev/i
mages/fig5_dt_30_180_300_0_horiz_p94Mm.jpg>] [17 <C:/Users/mike/Dropbox/swat_pa
pers_mkg/solareigenmodes/spacephysics_elsev/images/fig6_dt_30_180_300_0_horiz_2
Mm.jpg>]

Package natbib Warning: Citation `Leibacher1982' on page 18 undefined on input 
line 722.

<imagesn/dt_300_vert_x.jpg, id=266, 1528.71124pt x 869.2475pt>
File: imagesn/dt_300_vert_x.jpg Graphic file (type jpg)

<use imagesn/dt_300_vert_x.jpg>
Package pdftex.def Info: imagesn/dt_300_vert_x.jpg used on input line 736.
(pdftex.def)             Requested size: 611.47366pt x 347.69284pt.

Overfull \hbox (227.47366pt too wide) in paragraph at lines 736--737
[][] 
 []


LaTeX Warning: `h' float specifier changed to `ht'.

<imagesn/dt_180_vert_x.jpg, id=267, 953.5625pt x 590.205pt>
File: imagesn/dt_180_vert_x.jpg Graphic file (type jpg)

<use imagesn/dt_180_vert_x.jpg>
Package pdftex.def Info: imagesn/dt_180_vert_x.jpg used on input line 744.
(pdftex.def)             Requested size: 572.14192pt x 354.12573pt.

Overfull \hbox (188.14192pt too wide) in paragraph at lines 744--745
[][] 
 []


LaTeX Warning: `h' float specifier changed to `ht'.

<imagesn/dt_300_vert_y.jpg, id=268, 1406.25375pt x 833.1125pt>
File: imagesn/dt_300_vert_y.jpg Graphic file (type jpg)

<use imagesn/dt_300_vert_y.jpg>
Package pdftex.def Info: imagesn/dt_300_vert_y.jpg used on input line 752.
(pdftex.def)             Requested size: 562.49153pt x 333.23909pt.

Overfull \hbox (178.49153pt too wide) in paragraph at lines 752--753
[][] 
 []


LaTeX Warning: `h' float specifier changed to `ht'.

<imagesn/dt_180_vert_y.jpg, id=269, 1535.7375pt x 801.99625pt>
File: imagesn/dt_180_vert_y.jpg Graphic file (type jpg)

<use imagesn/dt_180_vert_y.jpg>
Package pdftex.def Info: imagesn/dt_180_vert_y.jpg used on input line 759.
(pdftex.def)             Requested size: 614.28412pt x 320.79282pt.

Overfull \hbox (230.28412pt too wide) in paragraph at lines 759--760
[][] 
 []


LaTeX Warning: `h' float specifier changed to `ht'.

<imagesn/dt_300_0_0_hor_x_1Mm.jpg, id=270, 1391.1975pt x 761.84625pt>
File: imagesn/dt_300_0_0_hor_x_1Mm.jpg Graphic file (type jpg)

<use imagesn/dt_300_0_0_hor_x_1Mm.jpg>
Package pdftex.def Info: imagesn/dt_300_0_0_hor_x_1Mm.jpg used on input line 76
7.
(pdftex.def)             Requested size: 556.46915pt x 304.7331pt.

Overfull \hbox (172.46915pt too wide) in paragraph at lines 767--768
[][] 
 []


LaTeX Warning: `h' float specifier changed to `ht'.

<imagesn/dt_300_hor_x_2p06Mm.jpg, id=271, 1519.6775pt x 888.31876pt>
File: imagesn/dt_300_hor_x_2p06Mm.jpg Graphic file (type jpg)

<use imagesn/dt_300_hor_x_2p06Mm.jpg>
Package pdftex.def Info: imagesn/dt_300_hor_x_2p06Mm.jpg used on input line 773
.
(pdftex.def)             Requested size: 607.86024pt x 355.32121pt.

Overfull \hbox (223.86024pt too wide) in paragraph at lines 773--774
[][] 
 []


LaTeX Warning: `h' float specifier changed to `ht'.

File: imagesn/dt_300_hor_x_2p06Mm.jpg Graphic file (type jpg)
<use imagesn/dt_300_hor_x_2p06Mm.jpg>
Package pdftex.def Info: imagesn/dt_300_hor_x_2p06Mm.jpg used on input line 779
.
(pdftex.def)             Requested size: 607.86024pt x 355.32121pt.

Overfull \hbox (223.86024pt too wide) in paragraph at lines 779--780
[][] 
 []


LaTeX Warning: `h' float specifier changed to `ht'.

<imagesn/dt_180_horiz_x_1Mm.jpg, id=272, 989.6975pt x 587.19376pt>
File: imagesn/dt_180_horiz_x_1Mm.jpg Graphic file (type jpg)

<use imagesn/dt_180_horiz_x_1Mm.jpg>
Package pdftex.def Info: imagesn/dt_180_horiz_x_1Mm.jpg used on input line 786.

(pdftex.def)             Requested size: 593.82309pt x 352.31897pt.

Overfull \hbox (209.82309pt too wide) in paragraph at lines 786--787
[][] 
 []


LaTeX Warning: `h' float specifier changed to `ht'.

<imagesn/dt_180_horiz_x_2p06Mm.jpg, id=273, 967.615pt x 567.11874pt>
File: imagesn/dt_180_horiz_x_2p06Mm.jpg Graphic file (type jpg)

<use imagesn/dt_180_horiz_x_2p06Mm.jpg>
Package pdftex.def Info: imagesn/dt_180_horiz_x_2p06Mm.jpg used on input line 7
92.
(pdftex.def)             Requested size: 580.57349pt x 340.27386pt.

Overfull \hbox (196.57349pt too wide) in paragraph at lines 792--793
[][] 
 []


LaTeX Warning: `h' float specifier changed to `ht'.

File: imagesn/dt_180_horiz_x_2p06Mm.jpg Graphic file (type jpg)
<use imagesn/dt_180_horiz_x_2p06Mm.jpg>
Package pdftex.def Info: imagesn/dt_180_horiz_x_2p06Mm.jpg used on input line 7
98.
(pdftex.def)             Requested size: 580.57349pt x 340.27386pt.

Overfull \hbox (196.57349pt too wide) in paragraph at lines 798--799
[][] 
 []


LaTeX Warning: `h' float specifier changed to `ht'.

! Missing $ inserted.
<inserted text> 
                $
l.804 ...erdrve_eflux_vperiod_for modes_5p5Mm.jpg}
                                                  
? 

LaTeX Warning: File `imagesn/ratio_varoverdrve_eflux_vperiod_for modes_5p5Mm.jp
g' not found on input line 804.


<imagesn/ratio_varoverdrve_eflux_vperiod_for modes_5p5Mm.jpg, id=274, 907.39pt 
x 500.87125pt>
File: imagesn/ratio_varoverdrve_eflux_vperiod_for modes_5p5Mm.jpg Graphic file 
(type jpg)

<use imagesn/ratio_varoverdrve_eflux_vperiod_for modes_5p5Mm.jpg>
Package pdftex.def Info: imagesn/ratio_varoverdrve_eflux_vperiod_for modes_5p5M
m.jpg used on input line 804.
(pdftex.def)             Requested size: 544.4382pt x 300.52505pt.

! Missing $ inserted.
<inserted text> 
                $
l.804 ...erdrve_eflux_vperiod_for modes_5p5Mm.jpg}
                                                  
? 

Overfull \hbox (239.711pt too wide) in paragraph at lines 804--805
[][] 
 []


LaTeX Warning: `h' float specifier changed to `ht'.


<imagesn/ratio_varoverdrve_eflux_vperiod_forallmodes_180s_5p5Mm.jpg, id=275, 90
7.39pt x 500.87125pt>
File: imagesn/ratio_varoverdrve_eflux_vperiod_forallmodes_180s_5p5Mm.jpg Graphi
c file (type jpg)

<use imagesn/ratio_varoverdrve_eflux_vperiod_forallmodes_180s_5p5Mm.jpg>
Package pdftex.def Info: imagesn/ratio_varoverdrve_eflux_vperiod_forallmodes_18
0s_5p5Mm.jpg used on input line 811.
(pdftex.def)             Requested size: 544.4382pt x 300.52505pt.

Overfull \hbox (160.4382pt too wide) in paragraph at lines 811--812
[][] 
 []


LaTeX Warning: `h' float specifier changed to `ht'.


<imagesn/ratio_varoverdrve_eflux_vperiod_forallmodes_300s_5p5Mm.jpg, id=276, 90
7.39pt x 500.87125pt>
File: imagesn/ratio_varoverdrve_eflux_vperiod_forallmodes_300s_5p5Mm.jpg Graphi
c file (type jpg)

<use imagesn/ratio_varoverdrve_eflux_vperiod_forallmodes_300s_5p5Mm.jpg>
Package pdftex.def Info: imagesn/ratio_varoverdrve_eflux_vperiod_forallmodes_30
0s_5p5Mm.jpg used on input line 818.
(pdftex.def)             Requested size: 544.4382pt x 300.52505pt.

Overfull \hbox (160.4382pt too wide) in paragraph at lines 818--819
[][] 
 []


LaTeX Warning: `h' float specifier changed to `ht'.

! Missing $ inserted.
<inserted text> 
                $
l.825 ...rconst_eflux_vperiod_for modes_5p5Mm.jpg}
                                                  
? 

LaTeX Warning: File `imagesn/ratio_varoverconst_eflux_vperiod_for modes_5p5Mm.j
pg' not found on input line 825.


<imagesn/ratio_varoverconst_eflux_vperiod_for modes_5p5Mm.jpg, id=277, 513.92pt
 x 385.44pt>
File: imagesn/ratio_varoverconst_eflux_vperiod_for modes_5p5Mm.jpg Graphic file
 (type jpg)

<use imagesn/ratio_varoverconst_eflux_vperiod_for modes_5p5Mm.jpg>
Package pdftex.def Info: imagesn/ratio_varoverconst_eflux_vperiod_for modes_5p5
Mm.jpg used on input line 825.
(pdftex.def)             Requested size: 308.35437pt x 231.26578pt.

! Missing $ inserted.
<inserted text> 
                $
l.825 ...rconst_eflux_vperiod_for modes_5p5Mm.jpg}
                                                  
? 

Overfull \hbox (3.62717pt too wide) in paragraph at lines 825--826
[][] 
 []


LaTeX Warning: `h' float specifier changed to `ht'.


Package natbib Warning: Citation `leibacher1982' on page 18 undefined on input 
line 839.

[18 <C:/Users/mike/Dropbox/swat_papers_mkg/solareigenmodes/spacephysics_elsev/i
mages/fig7_dt_30_180_300_0_horiz_4p2Mm.jpg>]

! LaTeX Error: Environment acknowledgements undefined.

See the LaTeX manual or LaTeX Companion for explanation.
Type  H <return>  for immediate help.
 ...                                              
                                                  
l.844 \begin{acknowledgements}
                              
? 

! LaTeX Error: \begin{document} ended by \end{acknowledgements}.

See the LaTeX manual or LaTeX Companion for explanation.
Type  H <return>  for immediate help.
 ...                                              
                                                  
l.847 \end{acknowledgements}
                            
? 

(C:\Users\mike\Dropbox\swat_papers_mkg\solareigenmodes\spacephysics_elsev\eigen
modes_2016_v2.bbl [19 <C:/Users/mike/Dropbox/swat_papers_mkg/solareigenmodes/sp
acephysics_elsev/imagesn/dt_300_vert_x.jpg>]
! Undefined control sequence.
<argument> \let \@tempa \bibinfo@X@doi 
                                       10.1086/150731
l.21   \doi{\bibinfo{doi}{10.1086/150731}}
                                          .
? 
! Undefined control sequence.
<argument> \aplett 
                   
l.26   \bibinfo{journal}{\aplett}
                                  \bibinfo{volume}{7} (\bibinfo{year}{1971})
? 
! Undefined control sequence.
<argument> \apjs 
                 
l.34   quiet-sun}}, \bibinfo{journal}{\apjs}
                                             \bibinfo{volume}{45}
? 
! Undefined control sequence.
<argument> \let \@tempa \bibinfo@X@doi 
                                       10.1086/190731
l.36   \doi{\bibinfo{doi}{10.1086/190731}}
                                          .
? 
! Undefined control sequence.
<argument> \let \@tempa \bibinfo@X@doi 
                                       10.1086/161956
l.42 ...-865}, \doi{\bibinfo{doi}{10.1086/161956}}
                                                  .
? 
! Undefined control sequence.
<argument> \let \@tempa \bibinfo@X@doi 
                                       10.1098/rsta.2005.1665
l.48 ...doi{\bibinfo{doi}{10.1098/rsta.2005.1665}}
                                                  .
? 
! Undefined control sequence.
<argument> \let \@tempa \bibinfo@X@doi 
                                       10.1051/0004-6361/201219242
l.55 ...bibinfo{doi}{10.1051/0004-6361/201219242}}
                                                  .
? 
[20 <C:/Users/mike/Dropbox/swat_papers_mkg/solareigenmodes/spacephysics_elsev/i
magesn/dt_180_vert_x.jpg>]
! Undefined control sequence.
<argument> \let \@tempa \bibinfo@X@doi 
                                       10.1086/186544
l.62   \doi{\bibinfo{doi}{10.1086/186544}}
                                          .
? 
! Undefined control sequence.
<argument> \let \@tempa \bibinfo@X@doi 
                                       10.1051/0004-6361:20078642
l.75 ...\bibinfo{doi}{10.1051/0004-6361:20078642}}
                                                  .
? 
! Undefined control sequence.
<argument> \let \@tempa \bibinfo@X@doi 
                                       10.1086/173172
l.93   \doi{\bibinfo{doi}{10.1086/173172}}
                                          .
? 
! Undefined control sequence.
<argument> \let \@tempa \bibinfo@X@doi 
                                       10.1086/502622
l.99   \doi{\bibinfo{doi}{10.1086/502622}}
                                          .
? 
! Undefined control sequence.
<argument> \let \@tempa \bibinfo@X@doi 
                                       10.1051/0004-6361/201014128
l.105 ...ibinfo{doi}{10.1051/0004-6361/201014128}}
                                                  .
? 
! Undefined control sequence.
<argument> \let \@tempa \bibinfo@X@doi 
                                       10.1051/0004-6361/200912996
l.114 ...ibinfo{doi}{10.1051/0004-6361/200912996}}
                                                  .
? 
[21 <C:/Users/mike/Dropbox/swat_papers_mkg/solareigenmodes/spacephysics_elsev/i
magesn/dt_300_vert_y.jpg>]
! Undefined control sequence.
<argument> \let \@tempa \bibinfo@X@doi 
                                       10.1086/522922
l.129   \doi{\bibinfo{doi}{10.1086/522922}}
                                           .
? 
! Undefined control sequence.
<argument> \let \@tempa \bibinfo@X@doi 
                                       10.1051/0004-6361/201015898
l.137 ...ibinfo{doi}{10.1051/0004-6361/201015898}}
                                                  .
? 
! Undefined control sequence.
<argument> \mnras 
                  
l.142 ...gnetic tubes}}, \bibinfo{journal}{\mnras}
                                                  
? 
! Undefined control sequence.
<argument> \let \@tempa \bibinfo@X@doi 
                                       10.1111/j.1365-2966.2011.18778.x
l.144 ...o{doi}{10.1111/j.1365-2966.2011.18778.x}}
                                                  .
? 
! Undefined control sequence.
<argument> \let \@tempa \bibinfo@X@doi 
                                       10.1051/0004-6361/201117943
l.152 ...ibinfo{doi}{10.1051/0004-6361/201117943}}
                                                  .
? 
! Undefined control sequence.
<argument> \let \@tempa \bibinfo@X@doi 
                                       10.1086/176940
l.160   \doi{\bibinfo{doi}{10.1086/176940}}
                                           .
? 
! Undefined control sequence.
<argument> \let \@tempa \bibinfo@X@doi 
                                       10.1051/0004-6361:20030685
l.168 ...bibinfo{doi}{10.1051/0004-6361:20030685}}
                                                  .
? 
! Undefined control sequence.
<argument> \let \@tempa \bibinfo@X@doi 
                                       10.1086/501450
l.175   \doi{\bibinfo{doi}{10.1086/501450}}
                                           .
? 
[22 <C:/Users/mike/Dropbox/swat_papers_mkg/solareigenmodes/spacephysics_elsev/i
magesn/dt_180_vert_y.jpg>]
! Undefined control sequence.
<argument> \let \@tempa \bibinfo@X@doi 
                                       10.1051/0004-6361:20020279
l.181 ...bibinfo{doi}{10.1051/0004-6361:20020279}}
                                                  .
? 
! Undefined control sequence.
<argument> \let \@tempa \bibinfo@X@doi 
                                       10.1088/1742-6596/440/1/012048
l.188 ...nfo{doi}{10.1088/1742-6596/440/1/012048}}
                                                  .
? 
! Undefined control sequence.
<argument> \let \@tempa \bibinfo@X@doi 
                                       10.1007/s12036-015-9328-y
l.197 ...\bibinfo{doi}{10.1007/s12036-015-9328-y}}
                                                  .
? 
! Undefined control sequence.
<argument> \let \@tempa \bibinfo@X@doi 
                                       10.1051/0004-6361:200809800
l.205 ...ibinfo{doi}{10.1051/0004-6361:200809800}}
                                                  .
? 
! Undefined control sequence.
<argument> \let \@tempa \bibinfo@X@doi 
                                       10.1051/0004-6361:20010157
l.212 ...bibinfo{doi}{10.1051/0004-6361:20010157}}
                                                  .
? 
! Undefined control sequence.
<argument> \let \@tempa \bibinfo@X@doi 
                                       10.1086/187753
l.218 ...L32}, \doi{\bibinfo{doi}{10.1086/187753}}
                                                  .
? 
! Undefined control sequence.
<argument> \let \@tempa \bibinfo@X@doi 
                                       10.1007/s11207-011-9898-z
l.224 ...\bibinfo{doi}{10.1007/s11207-011-9898-z}}
                                                  .
? 
! Undefined control sequence.
<argument> \let \@tempa \bibinfo@X@doi 
                                       10.1051/0004-6361/201016392
l.232 ...ibinfo{doi}{10.1051/0004-6361/201016392}}
                                                  .
? 
[23 <C:/Users/mike/Dropbox/swat_papers_mkg/solareigenmodes/spacephysics_elsev/i
magesn/dt_300_0_0_hor_x_1Mm.jpg>]
! Undefined control sequence.
<argument> \let \@tempa \bibinfo@X@doi 
                                       10.1002/asna.200710786
l.246 ...oi{\bibinfo{doi}{10.1002/asna.200710786}}
                                                  .
? 

Underfull \hbox (badness 1117) in paragraph at lines 242--247
[]\OT1/cmr/m/n/8 C. Ma-lins, On tran-si-tion re-gion con-vec-tion cells in sim-
u-la-tions of $\OMS/cmsy/m/n/8 f$\OT1/cmr/m/n/8 p$\OMS/cmsy/m/n/8 g$\OT1/cmr/m/
n/8 -mode prop-a-ga-tion,
 []

! Undefined control sequence.
<argument> \let \@tempa \bibinfo@X@doi 
                                       10.1007/s11207-008-9154-3
l.257 ...\bibinfo{doi}{10.1007/s11207-008-9154-3}}
                                                  .
? 
)

Package natbib Warning: There were undefined citations.

Package atveryend Info: Empty hook `BeforeClearDocument' on input line 861.
[24 <C:/Users/mike/Dropbox/swat_papers_mkg/solareigenmodes/spacephysics_elsev/i
magesn/dt_300_hor_x_2p06Mm.jpg>] [25] [26 <C:/Users/mike/Dropbox/swat_papers_mk
g/solareigenmodes/spacephysics_elsev/imagesn/dt_180_horiz_x_1Mm.jpg>] [27 <C:/U
sers/mike/Dropbox/swat_papers_mkg/solareigenmodes/spacephysics_elsev/imagesn/dt
_180_horiz_x_2p06Mm.jpg>] [28] [29 <C:/Users/mike/Dropbox/swat_papers_mkg/solar
eigenmodes/spacephysics_elsev/imagesn/ratio_varoverdrve_eflux_vperiod_for modes
_5p5Mm.jpg>] [30 <C:/Users/mike/Dropbox/swat_papers_mkg/solareigenmodes/spaceph
ysics_elsev/imagesn/ratio_varoverdrve_eflux_vperiod_forallmodes_180s_5p5Mm.jpg>
] [31 <C:/Users/mike/Dropbox/swat_papers_mkg/solareigenmodes/spacephysics_elsev
/imagesn/ratio_varoverdrve_eflux_vperiod_forallmodes_300s_5p5Mm.jpg>] [32 <C:/U
sers/mike/Dropbox/swat_papers_mkg/solareigenmodes/spacephysics_elsev/imagesn/ra
tio_varoverconst_eflux_vperiod_for modes_5p5Mm.jpg>]
Package atveryend Info: Empty hook `AfterLastShipout' on input line 861.

(C:\Users\mike\Dropbox\swat_papers_mkg\solareigenmodes\spacephysics_elsev\eigen
modes_2016_v2.aux)
Package atveryend Info: Executing hook `AtVeryEndDocument' on input line 861.
Package atveryend Info: Executing hook `AtEndAfterFileList' on input line 861.
Package rerunfilecheck Info: File `eigenmodes_2016_v2.out' has not changed.
(rerunfilecheck)             Checksum: D1B71455AE9E37C7C834FA641ED3E75E;576.


LaTeX Warning: There were multiply-defined labels.

Package atveryend Info: Empty hook `AtVeryVeryEnd' on input line 861.
 ) 
Here is how much of TeX's memory you used:
 7258 strings out of 493921
 105272 string characters out of 3147285
 210381 words of memory out of 3000000
 10310 multiletter control sequences out of 15000+200000
 12720 words of font info for 47 fonts, out of 3000000 for 9000
 841 hyphenation exceptions out of 8191
 34i,9n,30p,1982b,534s stack positions out of 5000i,500n,10000p,200000b,50000s
<C:/Program Files/MiKTeX 2.9/fonts/type1/public/amsfonts/cm/cmbx10.pfb><C:/Pr
ogram Files/MiKTeX 2.9/fonts/type1/public/amsfonts/cm/cmbx7.pfb><C:/Program Fil
es/MiKTeX 2.9/fonts/type1/public/amsfonts/cm/cmex10.pfb><C:/Program Files/MiKTe
X 2.9/fonts/type1/public/amsfonts/cm/cmmi10.pfb><C:/Program Files/MiKTeX 2.9/fo
nts/type1/public/amsfonts/cm/cmmi5.pfb><C:/Program Files/MiKTeX 2.9/fonts/type1
/public/amsfonts/cm/cmmi6.pfb><C:/Program Files/MiKTeX 2.9/fonts/type1/public/a
msfonts/cm/cmmi7.pfb><C:/Program Files/MiKTeX 2.9/fonts/type1/public/amsfonts/c
m/cmmi8.pfb><C:/Program Files/MiKTeX 2.9/fonts/type1/public/amsfonts/cm/cmr10.p
fb><C:/Program Files/MiKTeX 2.9/fonts/type1/public/amsfonts/cm/cmr12.pfb><C:/Pr
ogram Files/MiKTeX 2.9/fonts/type1/public/amsfonts/cm/cmr5.pfb><C:/Program File
s/MiKTeX 2.9/fonts/type1/public/amsfonts/cm/cmr6.pfb><C:/Program Files/MiKTeX 2
.9/fonts/type1/public/amsfonts/cm/cmr7.pfb><C:/Program Files/MiKTeX 2.9/fonts/t
ype1/public/amsfonts/cm/cmr8.pfb><C:/Program Files/MiKTeX 2.9/fonts/type1/publi
c/amsfonts/cm/cmsy10.pfb><C:/Program Files/MiKTeX 2.9/fonts/type1/public/amsfon
ts/cm/cmsy6.pfb><C:/Program Files/MiKTeX 2.9/fonts/type1/public/amsfonts/cm/cms
y7.pfb><C:/Program Files/MiKTeX 2.9/fonts/type1/public/amsfonts/cm/cmsy8.pfb><C
:/Program Files/MiKTeX 2.9/fonts/type1/public/amsfonts/cm/cmti10.pfb><C:/Progra
m Files/MiKTeX 2.9/fonts/type1/public/amsfonts/cm/cmti7.pfb><C:/Program Files/M
iKTeX 2.9/fonts/type1/public/amsfonts/cm/cmti8.pfb>
Output written on eigenmodes_2016_v2.pdf (32 pages, 1705670 bytes).
PDF statistics:
 494 PDF objects out of 1000 (max. 8388607)
 138 named destinations out of 1000 (max. 500000)
 168 words of extra memory for PDF output out of 10000 (max. 10000000)

